#
# A fatal error has been detected by the Java Runtime Environment:
#
#  SIGSEGV (0xb) at pc=0x00007f9b4540916f, pid=22992, tid=23024
#
# JRE version: Java(TM) SE Runtime Environment (21.0.1+12) (build 21.0.1+12-LTS-29)
# Java VM: Java HotSpot(TM) 64-Bit Server VM (21.0.1+12-LTS-29, mixed mode, emulated-client, sharing, tiered, compressed oops, compressed class ptrs, g1 gc, linux-amd64)
# Problematic frame:
# V  [libjvm.so+0x80916f]  G1ParCopyClosure<(G1Barrier)0, false>::do_oop(oopDesc**)+0x3f
#
# Core dump will be written. Default location: Core dumps may be processed with "/usr/share/apport/apport -p%p -s%s -c%c -d%d -P%P -u%u -g%g -- %E" (or dumping to /home/spx147/Downloads/register.chatapp/core.22992)
#
# If you would like to submit a bug report, please visit:
#   https://bugreport.java.com/bugreport/crash.jsp
#

---------------  S U M M A R Y ------------

Command Line: -XX:+ShowCodeDetailsInExceptionMessages -agentlib:jdwp=transport=dt_socket,suspend=y,address=localhost:44935 -Dcom.sun.management.jmxremote -Dcom.sun.management.jmxremote.port=44861 -Dcom.sun.management.jmxremote.authenticate=false -Dcom.sun.management.jmxremote.ssl=false -Djava.rmi.server.hostname=localhost -Dspring.jmx.enabled=true -Dmanagement.endpoints.jmx.exposure.include=* -Dspring.application.admin.enabled=true -Djava.security.egd=file:/dev/./urandom -XX:TieredStopAtLevel=1 -Dspring.boot.project.name=register.chatapp -javaagent:/home/spx147/Downloads/spring-tool-suite-4-4.21.0.RELEASE-e4.30.0-linux.gtk.x86_64/sts-4.21.0.RELEASE/configuration/org.eclipse.osgi/252/0/.cp/lib/javaagent-shaded.jar -Dfile.encoding=UTF-8 -Dstdout.encoding=UTF-8 -Dstderr.encoding=UTF-8 com.register.register.chatapp.Application --spring.output.ansi.enabled=always

Host: Intel(R) Core(TM) i3-2105 CPU @ 3.10GHz, 4 cores, 15G, Ubuntu 22.04.4 LTS
Time: Mon Mar  4 19:58:35 2024 IST elapsed time: 5746.079340 seconds (0d 1h 35m 46s)

---------------  T H R E A D  ---------------

Current thread (0x00007f9ac4006aa0):  WorkerThread "GC Thread#1"    [id=23024, stack(0x00007f9b2c500000,0x00007f9b2c600000) (1024K)]

Stack: [0x00007f9b2c500000,0x00007f9b2c600000],  sp=0x00007f9b2c5fd530,  free space=1013k
Native frames: (J=compiled Java code, j=interpreted, Vv=VM code, C=native code)
V  [libjvm.so+0x80916f]  G1ParCopyClosure<(G1Barrier)0, false>::do_oop(oopDesc**)+0x3f
V  [libjvm.so+0x76ef1e]  frame::oops_interpreted_arguments_do(Symbol*, bool, OopClosure*) const+0xbe
V  [libjvm.so+0x76fccb]  frame::oops_interpreted_do(OopClosure*, RegisterMap const*, bool) const+0x3ab
V  [libjvm.so+0x8f4fe3]  JavaThread::oops_do_frames(OopClosure*, CodeBlobClosure*) [clone .part.0]+0xd3
V  [libjvm.so+0xe993e5]  Thread::oops_do(OopClosure*, CodeBlobClosure*)+0x95
V  [libjvm.so+0xea4fd2]  Threads::possibly_parallel_oops_do(bool, OopClosure*, CodeBlobClosure*)+0x102
V  [libjvm.so+0x80b7c2]  G1RootProcessor::process_java_roots(G1RootClosures*, G1GCPhaseTimes*, unsigned int)+0x72
V  [libjvm.so+0x80bea1]  G1RootProcessor::evacuate_roots(G1ParScanThreadState*, unsigned int)+0x61
V  [libjvm.so+0x8200a2]  G1EvacuateRegionsTask::scan_roots(G1ParScanThreadState*, unsigned int)+0x22
V  [libjvm.so+0x820309]  G1EvacuateRegionsBaseTask::work(unsigned int)+0x89
V  [libjvm.so+0xf559f0]  WorkerThread::run()+0x80
V  [libjvm.so+0xe99918]  Thread::call_run()+0xa8
V  [libjvm.so+0xcbf89a]  thread_native_entry(Thread*)+0xda
JavaThread 0x00007f9ac80512f0 (nid = 24420) was being processed
Java frames: (J=compiled Java code, j=interpreted, Vv=VM code)
j  java.lang.invoke.DirectMethodHandle$Holder.newInvokeSpecial(Ljava/lang/Object;)Ljava/lang/Object;+15 java.base@21.0.1
J 912 c1 jdk.internal.reflect.DirectConstructorHandleAccessor.newInstance([Ljava/lang/Object;)Ljava/lang/Object; java.base@21.0.1 (130 bytes) @ 0x00007f9b34d0ed6c [0x00007f9b34d0eb60+0x000000000000020c]
J 911 c1 java.lang.reflect.Constructor.newInstanceWithCaller([Ljava/lang/Object;ZLjava/lang/Class;)Ljava/lang/Object; java.base@21.0.1 (51 bytes) @ 0x00007f9b34d0a21c [0x00007f9b34d0a140+0x00000000000000dc]
J 3354 c1 org.springframework.beans.BeanUtils.instantiateClass(Ljava/lang/reflect/Constructor;[Ljava/lang/Object;)Ljava/lang/Object; (208 bytes) @ 0x00007f9b351eb0b4 [0x00007f9b351eab00+0x00000000000005b4]
J 8283 c1 org.springframework.beans.factory.support.SimpleInstantiationStrategy.instantiate(Lorg/springframework/beans/factory/support/RootBeanDefinition;Ljava/lang/String;Lorg/springframework/beans/factory/BeanFactory;)Ljava/lang/Object; (123 bytes) @ 0x00007f9b34b976ec [0x00007f9b34b97220+0x00000000000004cc]
J 8282 c1 org.springframework.beans.factory.support.AbstractAutowireCapableBeanFactory.instantiateBean(Ljava/lang/String;Lorg/springframework/beans/factory/support/RootBeanDefinition;)Lorg/springframework/beans/BeanWrapper; (51 bytes) @ 0x00007f9b34b98af4 [0x00007f9b34b98a40+0x00000000000000b4]
J 6317 c1 org.springframework.beans.factory.support.AbstractAutowireCapableBeanFactory.createBeanInstance(Ljava/lang/String;Lorg/springframework/beans/factory/support/RootBeanDefinition;[Ljava/lang/Object;)Lorg/springframework/beans/BeanWrapper; (241 bytes) @ 0x00007f9b35708004 [0x00007f9b357079c0+0x0000000000000644]
J 6316 c1 org.springframework.beans.factory.support.AbstractAutowireCapableBeanFactory.doCreateBean(Ljava/lang/String;Lorg/springframework/beans/factory/support/RootBeanDefinition;[Ljava/lang/Object;)Ljava/lang/Object; (469 bytes) @ 0x00007f9b35703c54 [0x00007f9b35703aa0+0x00000000000001b4]
J 6315 c1 org.springframework.beans.factory.support.AbstractAutowireCapableBeanFactory.createBean(Ljava/lang/String;Lorg/springframework/beans/factory/support/RootBeanDefinition;[Ljava/lang/Object;)Ljava/lang/Object; (214 bytes) @ 0x00007f9b357014d4 [0x00007f9b35700fc0+0x0000000000000514]
J 7332 c1 org.springframework.beans.factory.support.AbstractBeanFactory$$Lambda+0x00007f9ad8278c40.getObject()Ljava/lang/Object; (20 bytes) @ 0x00007f9b3583eebc [0x00007f9b3583ee20+0x000000000000009c]
J 6314 c1 org.springframework.beans.factory.support.DefaultSingletonBeanRegistry.getSingleton(Ljava/lang/String;Lorg/springframework/beans/factory/ObjectFactory;)Ljava/lang/Object; (279 bytes) @ 0x00007f9b356ff624 [0x00007f9b356ff2c0+0x0000000000000364]
J 3144 c1 org.springframework.beans.factory.support.AbstractBeanFactory.doGetBean(Ljava/lang/String;Ljava/lang/Class;[Ljava/lang/Object;Z)Ljava/lang/Object; (740 bytes) @ 0x00007f9b3518bbac [0x00007f9b3518b520+0x000000000000068c]
J 5799 c1 org.springframework.beans.factory.support.AbstractBeanFactory.getBean(Ljava/lang/String;)Ljava/lang/Object; (9 bytes) @ 0x00007f9b355ce094 [0x00007f9b355ce020+0x0000000000000074]
j  org.springframework.beans.factory.support.DefaultListableBeanFactory.preInstantiateSingletons()V+152
j  org.springframework.context.support.AbstractApplicationContext.finishBeanFactoryInitialization(Lorg/springframework/beans/factory/config/ConfigurableListableBeanFactory;)V+130
j  org.springframework.context.support.AbstractApplicationContext.refresh()V+94
j  org.springframework.boot.web.servlet.context.ServletWebServerApplicationContext.refresh()V+1
j  org.springframework.boot.SpringApplication.refresh(Lorg/springframework/context/ConfigurableApplicationContext;)V+1
j  org.springframework.boot.SpringApplication.refreshContext(Lorg/springframework/context/ConfigurableApplicationContext;)V+16
j  org.springframework.boot.SpringApplication.run([Ljava/lang/String;)Lorg/springframework/context/ConfigurableApplicationContext;+110
j  org.springframework.boot.SpringApplication.run([Ljava/lang/Class;[Ljava/lang/String;)Lorg/springframework/context/ConfigurableApplicationContext;+9
j  org.springframework.boot.SpringApplication.run(Ljava/lang/Class;[Ljava/lang/String;)Lorg/springframework/context/ConfigurableApplicationContext;+9
j  com.register.register.chatapp.Application.main([Ljava/lang/String;)V+3
j  java.lang.invoke.LambdaForm$DMH+0x00007f9ad8004c00.invokeStatic(Ljava/lang/Object;Ljava/lang/Object;)V+10 java.base@21.0.1
j  java.lang.invoke.LambdaForm$MH+0x00007f9ad8ac9400.invoke(Ljava/lang/Object;Ljava/lang/Object;Ljava/lang/Object;)Ljava/lang/Object;+33 java.base@21.0.1
J 4390 c1 jdk.internal.reflect.DirectMethodHandleAccessor.invoke(Ljava/lang/Object;[Ljava/lang/Object;)Ljava/lang/Object; java.base@21.0.1 (92 bytes) @ 0x00007f9b34c27b84 [0x00007f9b34c277c0+0x00000000000003c4]
J 5066 c1 java.lang.reflect.Method.invoke(Ljava/lang/Object;[Ljava/lang/Object;)Ljava/lang/Object; java.base@21.0.1 (108 bytes) @ 0x00007f9b354bdc74 [0x00007f9b354bda80+0x00000000000001f4]
j  org.springframework.boot.devtools.restart.RestartLauncher.run()V+47
v  ~StubRoutines::call_stub 0x00007f9b34a00cc6

siginfo: si_signo: 11 (SIGSEGV), si_code: 1 (SEGV_MAPERR), si_addr: 0x00007f9b48026f67

Registers:
RAX=0x00007f9b48026f66, RBX=0x00007f9a900067e8, RCX=0x0000000003fcd6b1, RDX=0x00007f9ad62fd100
RSP=0x00007f9b2c5fd530, RBP=0x00007f9b2c5fd570, RSI=0x00007f9ad62fd100, RDI=0x00007f9b4003fcb0
R8 =0x00007f9ad7552567, R9 =0x00007f9b45cf3620, R10=0x00007f9b460b9000, R11=0x0000000000000000
R12=0x00007f9ad62fd100, R13=0x00007f9b2c5fd740, R14=0x0000000000000001, R15=0x00007f9ad7552560
RIP=0x00007f9b4540916f, EFLAGS=0x0000000000010206, CSGSFS=0x002b000000000033, ERR=0x0000000000000004
  TRAPNO=0x000000000000000e


Register to memory mapping:

RAX=0x00007f9b48026f66 is an unknown value
RBX=0x00007f9a900067e8 points into unknown readable memory: 0x00007f9b45f1a5e0 | e0 a5 f1 45 9b 7f 00 00
RCX=0x0000000003fcd6b1 is an unknown value
RDX=0x00007f9ad62fd100 is pointing into the stack for thread: 0x00007f9ac80512f0
RSP=0x00007f9b2c5fd530 points into unknown readable memory: 0x00007f9ad7488090 | 90 80 48 d7 9a 7f 00 00
RBP=0x00007f9b2c5fd570 points into unknown readable memory: 0x00007f9b2c5fd5f0 | f0 d5 5f 2c 9b 7f 00 00
RSI=0x00007f9ad62fd100 is pointing into the stack for thread: 0x00007f9ac80512f0
RDI=0x00007f9b4003fcb0 points into unknown readable memory: 0x00007f9b45fcee18 | 18 ee fc 45 9b 7f 00 00
R8 =0x00007f9ad7552567 is pointing into metadata
R9 =0x00007f9b45cf3620: <offset 0x00000000010f3620> in /usr/lib/jvm/jdk-21-oracle-x64/lib/server/libjvm.so at 0x00007f9b44c00000
R10=0x00007f9b460b9000 points into unknown readable memory: 0x0100050403020100 | 00 01 02 03 04 05 00 01
R11=0x0 is null
R12=0x00007f9ad62fd100 is pointing into the stack for thread: 0x00007f9ac80512f0
R13=0x00007f9b2c5fd740 points into unknown readable memory: 0x00007f9ad62fd0f8 | f8 d0 2f d6 9a 7f 00 00
R14=0x0000000000000001 is an unknown value
R15=0x00007f9ad7552560 is pointing into metadata

Top of Stack: (sp=0x00007f9b2c5fd530)
0x00007f9b2c5fd530:   00007f9ad7488090 0000000000000000
0x00007f9b2c5fd540:   00007f9b2c5fd560 00007f9b4599216d
0x00007f9b2c5fd550:   00007f9a900067e8 00007f9b2c5fd590
0x00007f9b2c5fd560:   00007f9b2c5fd740 0000000000000001
0x00007f9b2c5fd570:   00007f9b2c5fd5f0 00007f9b4536ef1e
0x00007f9b2c5fd580:   0000000000000002 0000000000000040
0x00007f9b2c5fd590:   00007f9ad7552560 0000001300000001
0x00007f9b2c5fd5a0:   0000000000000032 000000010000000c
0x00007f9b2c5fd5b0:   00007f9ad7488090 0000000000000000
0x00007f9b2c5fd5c0:   00007f9ad7017600 0000000000000003
0x00007f9b2c5fd5d0:   00007f9a900067e8 00007f9b2c5fd740
0x00007f9b2c5fd5e0:   000000000000000f 00007f9b2c5fd670
0x00007f9b2c5fd5f0:   00007f9b2c5fd6e0 00007f9b4536fccb
0x00007f9b2c5fd600:   00007f9ac4006e40 00000000000003d8
0x00007f9b2c5fd610:   00007f9aac134800 00007f9aac134810
0x00007f9b2c5fd620:   00007f9aac134810 00007f9aac134be8
0x00007f9b2c5fd630:   00007f9aac134800 0000000102717100
0x00007f9b2c5fd640:   00007f9ad70b7530 00007f9ac4006aa0
0x00007f9b2c5fd650:   00007f9ad61fe9d8 00007f9b34a00cc6
0x00007f9b2c5fd660:   00007f9ad61fea50 00007f9ad61fe9e8
0x00007f9b2c5fd670:   00007f9ad773c7cf 00007f9b000000b8
0x00007f9b2c5fd680:   00007f9ad70b7530 00007f9ac80512f0
0x00007f9b2c5fd690:   00007f9b2c5fd6f0 00007f9b459a8cc7
0x00007f9b2c5fd6a0:   00007f9ad62fd0f8 00007f9b34a0bb55
0x00007f9b2c5fd6b0:   00007f9b34a07a90 00007f9a90006890
0x00007f9b2c5fd6c0:   0000000000000000 00007f9a900067e8
0x00007f9b2c5fd6d0:   00007f9b2c5fd740 00007f9b2c5fd778
0x00007f9b2c5fd6e0:   00007f9b2c5fea30 00007f9b454f4fe3
0x00007f9b2c5fd6f0:   0000000000000001 00007f9b454f4fa1
0x00007f9b2c5fd700:   00007f9ad61fe9d8 00007f9b34a00cc6
0x00007f9b2c5fd710:   00007f9b34a00b90 0000000000000000
0x00007f9b2c5fd720:   0000000000000000 00007f9ad61fea50 

Instructions: (pc=0x00007f9b4540916f)
0x00007f9b4540906f:   66 0f 6f 45 c0 66 0f fb 45 d0 66 0f d4 c1 0f 11
0x00007f9b4540907f:   83 c8 01 00 00 48 83 c4 28 5b 41 5c 41 5d 5d c3
0x00007f9b4540908f:   90 41 80 f8 fd 75 93 8b 88 18 02 00 00 48 8b b8
0x00007f9b4540909f:   10 02 00 00 48 8b 80 98 05 00 00 48 d3 e7 48 8d
0x00007f9b454090af:   0d e0 7f c1 00 48 29 fa 8b 09 48 d3 ea 89 d2 48
0x00007f9b454090bf:   8d 04 50 80 78 01 fd 0f 85 5d ff ff ff c6 40 01
0x00007f9b454090cf:   ff e9 54 ff ff ff 0f 1f 00 c3 0f 1f 80 00 00 00
0x00007f9b454090df:   00 48 8b 7b 10 44 89 ce e8 84 af fd ff 49 8b 7d
0x00007f9b454090ef:   00 41 8b 75 08 e9 24 ff ff ff 0f 1f 80 00 00 00
0x00007f9b454090ff:   00 8b 90 00 01 00 00 8b 80 80 00 00 00 29 d0 25
0x00007f9b4540910f:   ff ff 01 00 3d ff ff 01 00 0f 84 66 ff ff ff 3b
0x00007f9b4540911f:   83 c0 01 00 00 0f 87 15 ff ff ff e9 55 ff ff ff
0x00007f9b4540912f:   90 48 8b 16 48 85 d2 0f 84 9c 01 00 00 55 48 89
0x00007f9b4540913f:   d0 48 89 e5 41 56 41 55 41 54 49 89 f4 53 48 89
0x00007f9b4540914f:   fb 48 83 ec 20 48 8b 7f 08 8b 8f b8 05 00 00 48
0x00007f9b4540915f:   d3 e8 48 89 c1 48 8b 87 a8 05 00 00 48 8d 04 48
0x00007f9b4540916f:   0f b6 48 01 0f b7 30 84 c9 0f 88 8a 00 00 00 48
0x00007f9b4540917f:   8b 0a 48 89 c8 83 e0 03 48 83 f8 03 0f 85 2f 01
0x00007f9b4540918f:   00 00 48 83 e1 fc 49 89 0c 24 48 8b 5b 10 48 8b
0x00007f9b4540919f:   43 10 48 83 b8 b8 02 00 00 00 0f 84 e1 00 00 00
0x00007f9b454091af:   e8 2c ed 69 00 8b b3 c4 01 00 00 48 89 df 48 89
0x00007f9b454091bf:   45 d0 48 89 55 d8 e8 96 be fd ff e8 11 ed 69 00
0x00007f9b454091cf:   f3 0f 6f 8b c8 01 00 00 48 89 45 c0 48 89 55 c8
0x00007f9b454091df:   66 0f 6f 45 c0 66 0f fb 45 d0 66 0f d4 c1 0f 11
0x00007f9b454091ef:   83 c8 01 00 00 48 83 c4 20 5b 41 5c 41 5d 41 5e
0x00007f9b454091ff:   5d c3 0f 1f 80 00 00 00 00 80 f9 fd 0f 84 cf 00
0x00007f9b4540920f:   00 00 80 f9 fc 75 83 48 8b 73 10 48 8b 46 08 8b
0x00007f9b4540921f:   88 18 02 00 00 48 8b b8 10 02 00 00 48 8b 80 f8
0x00007f9b4540922f:   01 00 00 48 d3 e7 48 8d 0d 58 7e c1 00 48 29 fa
0x00007f9b4540923f:   8b 09 48 d3 ea 89 d2 48 8b 04 d0 8b 40 48 48 8d
0x00007f9b4540924f:   14 80 48 8b 86 28 02 00 00 4c 8d 34 d0 4d 8b 6e
0x00007f9b4540925f:   08 4d 85 ed 0f 84 b6 00 00 00 49 8b 95 00 02 00 


Stack slot to memory mapping:

stack at sp + 0 slots: 0x00007f9ad7488090 is pointing into metadata
stack at sp + 1 slots: 0x0 is null
stack at sp + 2 slots: 0x00007f9b2c5fd560 points into unknown readable memory: 0x00007f9b2c5fd740 | 40 d7 5f 2c 9b 7f 00 00
stack at sp + 3 slots: 0x00007f9b4599216d: <offset 0x0000000000d9216d> in /usr/lib/jvm/jdk-21-oracle-x64/lib/server/libjvm.so at 0x00007f9b44c00000
stack at sp + 4 slots: 0x00007f9a900067e8 points into unknown readable memory: 0x00007f9b45f1a5e0 | e0 a5 f1 45 9b 7f 00 00
stack at sp + 5 slots: 0x00007f9b2c5fd590 points into unknown readable memory: 0x00007f9ad7552560 | 60 25 55 d7 9a 7f 00 00
stack at sp + 6 slots: 0x00007f9b2c5fd740 points into unknown readable memory: 0x00007f9ad62fd0f8 | f8 d0 2f d6 9a 7f 00 00
stack at sp + 7 slots: 0x0000000000000001 is an unknown value


---------------  P R O C E S S  ---------------

Threads class SMR info:
_java_thread_list=0x000055e58d5d9cc0, length=29, elements={
0x00007f9b40159f60, 0x00007f9b4015b5b0, 0x00007f9b4015d090, 0x00007f9b4015e6d0,
0x00007f9b4015fc70, 0x00007f9b40161330, 0x00007f9b40192e30, 0x00007f9b401d1af0,
0x00007f9b401e5800, 0x00007f9aa8001120, 0x00007f9b40592410, 0x00007f9b40637ac0,
0x00007f9b40644800, 0x00007f9b4066a400, 0x00007f9a7400c670, 0x00007f9a88001b90,
0x00007f9a6c00e350, 0x00007f9a70c5b870, 0x00007f9a71e13d10, 0x00007f9b4002d2d0,
0x00007f9a8420d010, 0x00007f9ac8063690, 0x00007f9ac80512f0, 0x00007f9a8402b770,
0x00007f9a84205c20, 0x00007f9a84068c60, 0x00007f9a84057b00, 0x000055e58d5d0fc0,
0x000055e58d5d8670
}

Java Threads: ( => current thread )
  0x00007f9b40159f60 JavaThread "Reference Handler"          daemon [_thread_blocked, id=23008, stack(0x00007f9b2d100000,0x00007f9b2d200000) (1024K)]
  0x00007f9b4015b5b0 JavaThread "Finalizer"                  daemon [_thread_blocked, id=23009, stack(0x00007f9b2d000000,0x00007f9b2d100000) (1024K)]
  0x00007f9b4015d090 JavaThread "Signal Dispatcher"          daemon [_thread_blocked, id=23010, stack(0x00007f9b2cf00000,0x00007f9b2d000000) (1024K)]
  0x00007f9b4015e6d0 JavaThread "Service Thread"             daemon [_thread_blocked, id=23011, stack(0x00007f9b2ce00000,0x00007f9b2cf00000) (1024K)]
  0x00007f9b4015fc70 JavaThread "Monitor Deflation Thread"   daemon [_thread_blocked, id=23012, stack(0x00007f9b2cd00000,0x00007f9b2ce00000) (1024K)]
  0x00007f9b40161330 JavaThread "C1 CompilerThread0"         daemon [_thread_blocked, id=23013, stack(0x00007f9b2cc00000,0x00007f9b2cd00000) (1024K)]
  0x00007f9b40192e30 JavaThread "Common-Cleaner"             daemon [_thread_blocked, id=23014, stack(0x00007f9b2cb00000,0x00007f9b2cc00000) (1024K)]
  0x00007f9b401d1af0 JavaThread "JDWP Transport Listener: dt_socket" daemon [_thread_blocked, id=23017, stack(0x00007f9b2c900000,0x00007f9b2ca00000) (1024K)]
  0x00007f9b401e5800 JavaThread "JDWP Event Helper Thread"   daemon [_thread_blocked, id=23018, stack(0x00007f9b2c800000,0x00007f9b2c900000) (1024K)]
  0x00007f9aa8001120 JavaThread "JDWP Command Reader"        daemon [_thread_blocked, id=23019, stack(0x00007f9b2c700000,0x00007f9b2c800000) (1024K)]
  0x00007f9b40592410 JavaThread "Notification Thread"        daemon [_thread_blocked, id=23023, stack(0x00007f9b2c600000,0x00007f9b2c700000) (1024K)]
  0x00007f9b40637ac0 JavaThread "RMI TCP Accept-0"           daemon [_thread_in_native, id=23028, stack(0x00007f9b2c0fd000,0x00007f9b2c1fd000) (1024K)]
  0x00007f9b40644800 JavaThread "RMI TCP Accept-44861"       daemon [_thread_in_native, id=23029, stack(0x00007f9ad6f00000,0x00007f9ad7000000) (1024K)]
  0x00007f9b4066a400 JavaThread "RMI TCP Accept-0"           daemon [_thread_in_native, id=23030, stack(0x00007f9ad6e00000,0x00007f9ad6f00000) (1024K)]
  0x00007f9a7400c670 JavaThread "RMI Scheduler(0)"           daemon [_thread_blocked, id=23034, stack(0x00007f9ad6c00000,0x00007f9ad6d00000) (1024K)]
  0x00007f9a88001b90 JavaThread "RMI TCP Connection(idle)"   daemon [_thread_blocked, id=23035, stack(0x00007f9ad6b00000,0x00007f9ad6c00000) (1024K)]
  0x00007f9a6c00e350 JavaThread "JMX server connection timeout 32" daemon [_thread_blocked, id=23036, stack(0x00007f9ad6a00000,0x00007f9ad6b00000) (1024K)]
  0x00007f9a70c5b870 JavaThread "mysql-cj-abandoned-connection-cleanup" daemon [_thread_blocked, id=23045, stack(0x00007f9ad6400000,0x00007f9ad6500000) (1024K)]
  0x00007f9a71e13d10 JavaThread "Live Reload Server"         daemon [_thread_in_native, id=23134, stack(0x00007f9ad6100000,0x00007f9ad6200000) (1024K)]
  0x00007f9b4002d2d0 JavaThread "DestroyJavaVM"                     [_thread_blocked, id=22999, stack(0x00007f9b44b00000,0x00007f9b44c00000) (1024K)]
  0x00007f9a8420d010 JavaThread "Thread-12"                         [_thread_blocked, id=24385, stack(0x00007f9ad5800000,0x00007f9ad5900000) (1024K)]
  0x00007f9ac8063690 JavaThread "File Watcher"               daemon [_thread_blocked, id=24412, stack(0x00007f9ad5500000,0x00007f9ad5600000) (1024K)]
  0x00007f9ac80512f0 JavaThread "restartedMain"                     [_thread_blocked, id=24420, stack(0x00007f9ad6200000,0x00007f9ad6300000) (1024K)]
  0x00007f9a8402b770 JavaThread "Catalina-utility-1"                [_thread_blocked, id=24423, stack(0x00007f9b2c1fd000,0x00007f9b2c2fd000) (1024K)]
  0x00007f9a84205c20 JavaThread "Catalina-utility-2"                [_thread_blocked, id=24424, stack(0x00007f9ad6500000,0x00007f9ad6600000) (1024K)]
  0x00007f9a84068c60 JavaThread "container-1"                       [_thread_blocked, id=24425, stack(0x00007f9ad5900000,0x00007f9ad5a00000) (1024K)]
  0x00007f9a84057b00 JavaThread "HikariPool-5 housekeeper"   daemon [_thread_blocked, id=24426, stack(0x00007f9ad5d00000,0x00007f9ad5e00000) (1024K)]
  0x000055e58d5d0fc0 JavaThread "HikariPool-5 connection closer" daemon [_thread_blocked, id=25788, stack(0x00007f9ad6000000,0x00007f9ad6100000) (1024K)]
  0x000055e58d5d8670 JavaThread "HikariPool-5 connection adder" daemon [_thread_blocked, id=25789, stack(0x00007f9ad5400000,0x00007f9ad5500000) (1024K)]
Total: 29

Other Threads:
  0x00007f9b4014c8c0 VMThread "VM Thread"                           [id=23007, stack(0x00007f9b2d869000,0x00007f9b2d969000) (1024K)]
  0x00007f9b40132f00 WatcherThread "VM Periodic Task Thread"        [id=23006, stack(0x00007f9b2d96a000,0x00007f9b2da6a000) (1024K)]
  0x00007f9b40094320 WorkerThread "GC Thread#0"                     [id=23001, stack(0x00007f9b445fc000,0x00007f9b446fc000) (1024K)]
=>0x00007f9ac4006aa0 WorkerThread "GC Thread#1"                     [id=23024, stack(0x00007f9b2c500000,0x00007f9b2c600000) (1024K)]
  0x00007f9ac4007540 WorkerThread "GC Thread#2"                     [id=23025, stack(0x00007f9b2c3ff000,0x00007f9b2c4ff000) (1024K)]
  0x00007f9ac4008440 WorkerThread "GC Thread#3"                     [id=23026, stack(0x00007f9b2c2fe000,0x00007f9b2c3fe000) (1024K)]
  0x00007f9b400a5150 ConcurrentGCThread "G1 Main Marker"            [id=23002, stack(0x00007f9b444fb000,0x00007f9b445fb000) (1024K)]
  0x00007f9b400a60f0 WorkerThread "G1 Conc#0"                       [id=23003, stack(0x00007f9b443fa000,0x00007f9b444fa000) (1024K)]
  0x00007f9b40120950 ConcurrentGCThread "G1 Refine#0"               [id=23004, stack(0x00007f9b2db6c000,0x00007f9b2dc6c000) (1024K)]
  0x00007f9b40121900 ConcurrentGCThread "G1 Service"                [id=23005, stack(0x00007f9b2da6b000,0x00007f9b2db6b000) (1024K)]
Total: 10

Threads with active compile tasks:
Total: 0

VM state: at safepoint (normal execution)

VM Mutex/Monitor currently owned by a thread:  ([mutex/lock_event])
[0x00007f9b4603b100] Threads_lock - owner thread: 0x00007f9b4014c8c0
[0x00007f9b4603b000] Heap_lock - owner thread: 0x000055e58d5d0fc0

Heap address: 0x0000000707c00000, size: 3972 MB, Compressed Oops mode: Zero based, Oop shift amount: 3

CDS archive(s) mapped at: [0x00007f9ad7000000-0x00007f9ad7cab000-0x00007f9ad7cab000), size 13283328, SharedBaseAddress: 0x00007f9ad7000000, ArchiveRelocationMode: 1.
Compressed class space mapped at: 0x00007f9ad8000000-0x00007f9b18000000, reserved size: 1073741824
Narrow klass base: 0x00007f9ad7000000, Narrow klass shift: 0, Narrow klass range: 0x100000000

GC Precious Log:
 CardTable entry size: 512
 Card Set container configuration: InlinePtr #cards 4 size 8 Array Of Cards #cards 16 size 48 Howl #buckets 8 coarsen threshold 3686 Howl Bitmap #cards 512 size 80 coarsen threshold 460 Card regions per heap region 1 cards per card region 4096
 CPUs: 4 total, 4 available
 Memory: 15885M
 Large Page Support: Disabled
 NUMA Support: Disabled
 Compressed Oops: Enabled (Zero based)
 Heap Region Size: 2M
 Heap Min Capacity: 8M
 Heap Initial Capacity: 250M
 Heap Max Capacity: 3972M
 Pre-touch: Disabled
 Parallel Workers: 4
 Concurrent Workers: 1
 Concurrent Refinement Workers: 4
 Periodic GC: Disabled

Heap:
 garbage-first heap   total 81920K, used 71494K [0x0000000707c00000, 0x0000000800000000)
  region size 2048K, 21 young (43008K), 1 survivors (2048K)
 Metaspace       used 77396K, committed 78336K, reserved 1179648K
  class space    used 10724K, committed 11136K, reserved 1048576K

Heap Regions: E=young(eden), S=young(survivor), O=old, HS=humongous(starts), HC=humongous(continues), CS=collection set, F=free, TAMS=top-at-mark-start, PB=parsable bottom
|   0|0x0000000707c00000, 0x0000000707e00000, 0x0000000707e00000|100%| O|  |TAMS 0x0000000707c00000| PB 0x0000000707c00000| Untracked 
|   1|0x0000000707e00000, 0x0000000708000000, 0x0000000708000000|100%| O|  |TAMS 0x0000000707e00000| PB 0x0000000707e00000| Untracked 
|   2|0x0000000708000000, 0x00000007081fffc0, 0x0000000708200000| 99%| O|  |TAMS 0x0000000708000000| PB 0x0000000708000000| Untracked 
|   3|0x0000000708200000, 0x00000007083fffd8, 0x0000000708400000| 99%| O|  |TAMS 0x0000000708200000| PB 0x0000000708200000| Untracked 
|   4|0x0000000708400000, 0x0000000708600000, 0x0000000708600000|100%| O|  |TAMS 0x0000000708400000| PB 0x0000000708400000| Untracked 
|   5|0x0000000708600000, 0x00000007087ffff0, 0x0000000708800000| 99%| O|  |TAMS 0x0000000708600000| PB 0x0000000708600000| Untracked 
|   6|0x0000000708800000, 0x00000007089fbd78, 0x0000000708a00000| 99%| O|  |TAMS 0x0000000708800000| PB 0x0000000708800000| Untracked 
|   7|0x0000000708a00000, 0x0000000708bfffd8, 0x0000000708c00000| 99%| O|  |TAMS 0x0000000708a00000| PB 0x0000000708a00000| Untracked 
|   8|0x0000000708c00000, 0x0000000708dffff0, 0x0000000708e00000| 99%| O|  |TAMS 0x0000000708c00000| PB 0x0000000708c00000| Untracked 
|   9|0x0000000708e00000, 0x0000000708fe1fd0, 0x0000000709000000| 94%| O|  |TAMS 0x0000000708e00000| PB 0x0000000708e00000| Untracked 
|  10|0x0000000709000000, 0x00000007091fb9f0, 0x0000000709200000| 99%| O|  |TAMS 0x0000000709000000| PB 0x0000000709000000| Untracked 
|  11|0x0000000709200000, 0x00000007093c6688, 0x0000000709400000| 88%| O|  |TAMS 0x0000000709200000| PB 0x0000000709200000| Untracked 
|  12|0x0000000709400000, 0x0000000709600000, 0x0000000709600000|100%| O|Cm|TAMS 0x0000000709400000| PB 0x0000000709400000| Complete 
|  13|0x0000000709600000, 0x0000000709800000, 0x0000000709800000|100%| O|  |TAMS 0x0000000709600000| PB 0x0000000709600000| Untracked 
|  14|0x0000000709800000, 0x0000000709800000, 0x0000000709a00000|  0%| F|  |TAMS 0x0000000709800000| PB 0x0000000709800000| Untracked 
|  15|0x0000000709a00000, 0x0000000709a00000, 0x0000000709c00000|  0%| F|  |TAMS 0x0000000709a00000| PB 0x0000000709a00000| Untracked 
|  16|0x0000000709c00000, 0x0000000709c00000, 0x0000000709e00000|  0%| F|  |TAMS 0x0000000709c00000| PB 0x0000000709c00000| Untracked 
|  17|0x0000000709e00000, 0x0000000709f94a20, 0x000000070a000000| 79%| S|  |TAMS 0x0000000709e00000| PB 0x0000000709e00000| Complete 
|  18|0x000000070a000000, 0x000000070a200000, 0x000000070a200000|100%| E|CS|TAMS 0x000000070a000000| PB 0x000000070a000000| Complete 
|  19|0x000000070a200000, 0x000000070a231d48, 0x000000070a400000|  9%| E|CS|TAMS 0x000000070a200000| PB 0x000000070a200000| Complete 
|  20|0x000000070a400000, 0x000000070a600000, 0x000000070a600000|100%| E|CS|TAMS 0x000000070a400000| PB 0x000000070a400000| Complete 
|  21|0x000000070a600000, 0x000000070a800000, 0x000000070a800000|100%| E|CS|TAMS 0x000000070a600000| PB 0x000000070a600000| Complete 
|  22|0x000000070a800000, 0x000000070aa00000, 0x000000070aa00000|100%| E|CS|TAMS 0x000000070a800000| PB 0x000000070a800000| Complete 
|  23|0x000000070aa00000, 0x000000070ac00000, 0x000000070ac00000|100%| E|CS|TAMS 0x000000070aa00000| PB 0x000000070aa00000| Complete 
|  24|0x000000070ac00000, 0x000000070ae00000, 0x000000070ae00000|100%| E|CS|TAMS 0x000000070ac00000| PB 0x000000070ac00000| Complete 
|  25|0x000000070ae00000, 0x000000070b000000, 0x000000070b000000|100%| E|CS|TAMS 0x000000070ae00000| PB 0x000000070ae00000| Complete 
|  26|0x000000070b000000, 0x000000070b200000, 0x000000070b200000|100%| E|CS|TAMS 0x000000070b000000| PB 0x000000070b000000| Complete 
|  27|0x000000070b200000, 0x000000070b400000, 0x000000070b400000|100%| E|CS|TAMS 0x000000070b200000| PB 0x000000070b200000| Complete 
|  28|0x000000070b400000, 0x000000070b600000, 0x000000070b600000|100%| E|CS|TAMS 0x000000070b400000| PB 0x000000070b400000| Complete 
|  29|0x000000070b600000, 0x000000070b800000, 0x000000070b800000|100%| E|CS|TAMS 0x000000070b600000| PB 0x000000070b600000| Complete 
|  30|0x000000070b800000, 0x000000070ba00000, 0x000000070ba00000|100%| E|CS|TAMS 0x000000070b800000| PB 0x000000070b800000| Complete 
|  31|0x000000070ba00000, 0x000000070bc00000, 0x000000070bc00000|100%| E|CS|TAMS 0x000000070ba00000| PB 0x000000070ba00000| Complete 
|  32|0x000000070bc00000, 0x000000070be00000, 0x000000070be00000|100%| E|CS|TAMS 0x000000070bc00000| PB 0x000000070bc00000| Complete 
|  33|0x000000070be00000, 0x000000070c000000, 0x000000070c000000|100%| E|CS|TAMS 0x000000070be00000| PB 0x000000070be00000| Complete 
|  34|0x000000070c000000, 0x000000070c200000, 0x000000070c200000|100%| E|CS|TAMS 0x000000070c000000| PB 0x000000070c000000| Complete 
|  35|0x000000070c200000, 0x000000070c400000, 0x000000070c400000|100%| E|CS|TAMS 0x000000070c200000| PB 0x000000070c200000| Complete 
|  36|0x000000070c400000, 0x000000070c600000, 0x000000070c600000|100%| E|CS|TAMS 0x000000070c400000| PB 0x000000070c400000| Complete 
|  37|0x000000070c600000, 0x000000070c800000, 0x000000070c800000|100%| E|CS|TAMS 0x000000070c600000| PB 0x000000070c600000| Complete 
|  38|0x000000070c800000, 0x000000070ca00000, 0x000000070ca00000|100%| E|CS|TAMS 0x000000070c800000| PB 0x000000070c800000| Complete 
|  39|0x000000070ca00000, 0x000000070cc00000, 0x000000070cc00000|100%| E|CS|TAMS 0x000000070ca00000| PB 0x000000070ca00000| Complete 

Card table byte_map: [0x00007f9b33a7c000,0x00007f9b3423e000] _byte_map_base: 0x00007f9b3023e000

Marking Bits: (CMBitMap*) 0x00007f9b40094e40
 Bits: [0x00007f9b2fc6c000, 0x00007f9b33a7c000)

Polling page: 0x00007f9b46550000

Metaspace:

Usage:
  Non-class:     65.11 MB used.
      Class:     10.47 MB used.
       Both:     75.58 MB used.

Virtual space:
  Non-class space:      128.00 MB reserved,      65.62 MB ( 51%) committed,  2 nodes.
      Class space:        1.00 GB reserved,      10.88 MB (  1%) committed,  1 nodes.
             Both:        1.12 GB reserved,      76.50 MB (  7%) committed. 

Chunk freelists:
   Non-Class:  14.22 MB
       Class:  5.09 MB
        Both:  19.31 MB

MaxMetaspaceSize: unlimited
CompressedClassSpaceSize: 1.00 GB
Initial GC threshold: 21.00 MB
Current GC threshold: 127.50 MB
CDS: on
 - commit_granule_bytes: 65536.
 - commit_granule_words: 8192.
 - virtual_space_node_default_size: 8388608.
 - enlarge_chunks_in_place: 1.
 - use_allocation_guard: 0.


Internal statistics:

num_allocs_failed_limit: 12.
num_arena_births: 1968.
num_arena_deaths: 988.
num_vsnodes_births: 3.
num_vsnodes_deaths: 0.
num_space_committed: 1224.
num_space_uncommitted: 0.
num_chunks_returned_to_freelist: 1156.
num_chunks_taken_from_freelist: 5178.
num_chunk_merges: 250.
num_chunk_splits: 3201.
num_chunks_enlarged: 2337.
num_inconsistent_stats: 0.

CodeCache: size=49152Kb used=15363Kb max_used=16098Kb free=33788Kb
 bounds [0x00007f9b34a00000, 0x00007f9b35a50000, 0x00007f9b37a00000]
 total_blobs=8199 nmethods=7416 adapters=707
 compilation: enabled
              stopped_count=0, restarted_count=0
 full_count=0

Compilation events (20 events):
Event: 5401.251 Thread 0x00007f9b40161330 9935       1       java.io.ObjectInputFilter$Config::getSerialFilterFactory (21 bytes)
Event: 5401.251 Thread 0x00007f9b40161330 nmethod 9935 0x00007f9b350ab790 code [0x00007f9b350ab940, 0x00007f9b350abab8]
Event: 5401.251 Thread 0x00007f9b40161330 9936       1       java.io.ObjectInputFilter$Config$BuiltinFilterFactory::apply (13 bytes)
Event: 5401.251 Thread 0x00007f9b40161330 nmethod 9936 0x00007f9b350aaf10 code [0x00007f9b350ab0e0, 0x00007f9b350ab568]
Event: 5401.251 Thread 0x00007f9b40161330 9931       1       sun.rmi.transport.Target::getDispatcher (5 bytes)
Event: 5401.251 Thread 0x00007f9b40161330 nmethod 9931 0x00007f9b350aac10 code [0x00007f9b350aada0, 0x00007f9b350aae68]
Event: 5401.251 Thread 0x00007f9b40161330 9932       1       sun.rmi.transport.Target::getAccessControlContext (5 bytes)
Event: 5401.251 Thread 0x00007f9b40161330 nmethod 9932 0x00007f9b350aa910 code [0x00007f9b350aaaa0, 0x00007f9b350aab68]
Event: 5401.251 Thread 0x00007f9b40161330 9933       1       sun.rmi.transport.Target::getContextClassLoader (5 bytes)
Event: 5401.251 Thread 0x00007f9b40161330 nmethod 9933 0x00007f9b350aa610 code [0x00007f9b350aa7a0, 0x00007f9b350aa868]
Event: 5461.252 Thread 0x00007f9b40161330 9937       1       java.io.FilterInputStream::read (8 bytes)
Event: 5461.252 Thread 0x00007f9b40161330 nmethod 9937 0x00007f9b350aa310 code [0x00007f9b350aa4a0, 0x00007f9b350aa598]
Event: 5521.253 Thread 0x00007f9b40161330 9938       1       java.io.DataOutputStream::writeByte (14 bytes)
Event: 5521.253 Thread 0x00007f9b40161330 nmethod 9938 0x00007f9b350a9f90 code [0x00007f9b350aa120, 0x00007f9b350aa238]
Event: 5701.138 Thread 0x00007f9b40161330 9939       1       java.io.ObjectInputStream$FilterValues::arrayLength (5 bytes)
Event: 5701.138 Thread 0x00007f9b40161330 nmethod 9939 0x00007f9b350a9c90 code [0x00007f9b350a9e20, 0x00007f9b350a9ee0]
Event: 5701.138 Thread 0x00007f9b40161330 9940       1       java.io.ObjectInputStream::readShort (8 bytes)
Event: 5701.139 Thread 0x00007f9b40161330 nmethod 9940 0x00007f9b350a9910 code [0x00007f9b350a9aa0, 0x00007f9b350a9b98]
Event: 5701.139 Thread 0x00007f9b40161330 9941       1       java.io.ObjectStreamClass::getResolveException (5 bytes)
Event: 5701.139 Thread 0x00007f9b40161330 nmethod 9941 0x00007f9b350a9610 code [0x00007f9b350a97a0, 0x00007f9b350a9868]

GC Heap History (20 events):
Event: 1699.763 GC heap after
{Heap after GC invocations=30 (full 2):
 garbage-first heap   total 96256K, used 25604K [0x0000000707c00000, 0x0000000800000000)
  region size 2048K, 0 young (0K), 0 survivors (0K)
 Metaspace       used 76562K, committed 77376K, reserved 1179648K
  class space    used 10597K, committed 10944K, reserved 1048576K
}
Event: 1700.694 GC heap before
{Heap before GC invocations=30 (full 2):
 garbage-first heap   total 96256K, used 78852K [0x0000000707c00000, 0x0000000800000000)
  region size 2048K, 26 young (53248K), 0 survivors (0K)
 Metaspace       used 76883K, committed 77696K, reserved 1179648K
  class space    used 10652K, committed 11008K, reserved 1048576K
}
Event: 1700.702 GC heap after
{Heap after GC invocations=31 (full 2):
 garbage-first heap   total 96256K, used 31545K [0x0000000707c00000, 0x0000000800000000)
  region size 2048K, 3 young (6144K), 3 survivors (6144K)
 Metaspace       used 76883K, committed 77696K, reserved 1179648K
  class space    used 10652K, committed 11008K, reserved 1048576K
}
Event: 1701.258 GC heap before
{Heap before GC invocations=32 (full 2):
 garbage-first heap   total 96256K, used 76601K [0x0000000707c00000, 0x0000000800000000)
  region size 2048K, 26 young (53248K), 3 survivors (6144K)
 Metaspace       used 77063K, committed 77888K, reserved 1179648K
  class space    used 10678K, committed 11008K, reserved 1048576K
}
Event: 1701.269 GC heap after
{Heap after GC invocations=33 (full 2):
 garbage-first heap   total 98304K, used 38941K [0x0000000707c00000, 0x0000000800000000)
  region size 2048K, 4 young (8192K), 4 survivors (8192K)
 Metaspace       used 77063K, committed 77888K, reserved 1179648K
  class space    used 10678K, committed 11008K, reserved 1048576K
}
Event: 1701.371 GC heap before
{Heap before GC invocations=33 (full 2):
 garbage-first heap   total 98304K, used 75805K [0x0000000707c00000, 0x0000000800000000)
  region size 2048K, 23 young (47104K), 4 survivors (8192K)
 Metaspace       used 77063K, committed 77888K, reserved 1179648K
  class space    used 10678K, committed 11008K, reserved 1048576K
}
Event: 1701.380 GC heap after
{Heap after GC invocations=34 (full 2):
 garbage-first heap   total 98304K, used 39236K [0x0000000707c00000, 0x0000000800000000)
  region size 2048K, 3 young (6144K), 3 survivors (6144K)
 Metaspace       used 77063K, committed 77888K, reserved 1179648K
  class space    used 10678K, committed 11008K, reserved 1048576K
}
Event: 2035.579 GC heap before
{Heap before GC invocations=34 (full 2):
 garbage-first heap   total 98304K, used 76100K [0x0000000707c00000, 0x0000000800000000)
  region size 2048K, 22 young (45056K), 3 survivors (6144K)
 Metaspace       used 77083K, committed 77952K, reserved 1179648K
  class space    used 10681K, committed 11072K, reserved 1048576K
}
Event: 2035.583 GC heap after
{Heap after GC invocations=35 (full 2):
 garbage-first heap   total 98304K, used 37091K [0x0000000707c00000, 0x0000000800000000)
  region size 2048K, 1 young (2048K), 1 survivors (2048K)
 Metaspace       used 77083K, committed 77952K, reserved 1179648K
  class space    used 10681K, committed 11072K, reserved 1048576K
}
Event: 2175.606 GC heap before
{Heap before GC invocations=36 (full 2):
 garbage-first heap   total 98304K, used 41187K [0x0000000707c00000, 0x0000000800000000)
  region size 2048K, 4 young (8192K), 1 survivors (2048K)
 Metaspace       used 76856K, committed 77952K, reserved 1179648K
  class space    used 10622K, committed 11072K, reserved 1048576K
}
Event: 2175.660 GC heap after
{Heap after GC invocations=37 (full 3):
 garbage-first heap   total 81920K, used 23975K [0x0000000707c00000, 0x0000000800000000)
  region size 2048K, 0 young (0K), 0 survivors (0K)
 Metaspace       used 76842K, committed 77952K, reserved 1179648K
  class space    used 10619K, committed 11072K, reserved 1048576K
}
Event: 2176.344 GC heap before
{Heap before GC invocations=37 (full 3):
 garbage-first heap   total 81920K, used 69031K [0x0000000707c00000, 0x0000000800000000)
  region size 2048K, 22 young (45056K), 0 survivors (0K)
 Metaspace       used 77034K, committed 77952K, reserved 1179648K
  class space    used 10663K, committed 11072K, reserved 1048576K
}
Event: 2176.353 GC heap after
{Heap after GC invocations=38 (full 3):
 garbage-first heap   total 81920K, used 29205K [0x0000000707c00000, 0x0000000800000000)
  region size 2048K, 3 young (6144K), 3 survivors (6144K)
 Metaspace       used 77034K, committed 77952K, reserved 1179648K
  class space    used 10663K, committed 11072K, reserved 1048576K
}
Event: 2215.332 GC heap before
{Heap before GC invocations=39 (full 3):
 garbage-first heap   total 81920K, used 66069K [0x0000000707c00000, 0x0000000800000000)
  region size 2048K, 22 young (45056K), 3 survivors (6144K)
 Metaspace       used 77349K, committed 78144K, reserved 1179648K
  class space    used 10725K, committed 11072K, reserved 1048576K
}
Event: 2215.338 GC heap after
{Heap after GC invocations=40 (full 3):
 garbage-first heap   total 81920K, used 29432K [0x0000000707c00000, 0x0000000800000000)
  region size 2048K, 2 young (4096K), 2 survivors (4096K)
 Metaspace       used 77349K, committed 78144K, reserved 1179648K
  class space    used 10725K, committed 11072K, reserved 1048576K
}
Event: 2860.455 GC heap before
{Heap before GC invocations=40 (full 3):
 garbage-first heap   total 81920K, used 68344K [0x0000000707c00000, 0x0000000800000000)
  region size 2048K, 21 young (43008K), 2 survivors (4096K)
 Metaspace       used 77469K, committed 78336K, reserved 1179648K
  class space    used 10744K, committed 11136K, reserved 1048576K
}
Event: 2860.462 GC heap after
{Heap after GC invocations=41 (full 3):
 garbage-first heap   total 81920K, used 30802K [0x0000000707c00000, 0x0000000800000000)
  region size 2048K, 3 young (6144K), 3 survivors (6144K)
 Metaspace       used 77469K, committed 78336K, reserved 1179648K
  class space    used 10744K, committed 11136K, reserved 1048576K
}
Event: 4201.133 GC heap before
{Heap before GC invocations=41 (full 3):
 garbage-first heap   total 81920K, used 69714K [0x0000000707c00000, 0x0000000800000000)
  region size 2048K, 22 young (45056K), 3 survivors (6144K)
 Metaspace       used 77470K, committed 78336K, reserved 1179648K
  class space    used 10744K, committed 11136K, reserved 1048576K
}
Event: 4201.139 GC heap after
{Heap after GC invocations=42 (full 3):
 garbage-first heap   total 81920K, used 30534K [0x0000000707c00000, 0x0000000800000000)
  region size 2048K, 2 young (4096K), 2 survivors (4096K)
 Metaspace       used 77470K, committed 78336K, reserved 1179648K
  class space    used 10744K, committed 11136K, reserved 1048576K
}
Event: 5746.058 GC heap before
{Heap before GC invocations=43 (full 3):
 garbage-first heap   total 81920K, used 71494K [0x0000000707c00000, 0x0000000800000000)
  region size 2048K, 22 young (45056K), 2 survivors (4096K)
 Metaspace       used 77396K, committed 78336K, reserved 1179648K
  class space    used 10724K, committed 11136K, reserved 1048576K
}

Dll operation events (11 events):
Event: 0.008 Loaded shared library /usr/lib/jvm/jdk-21-oracle-x64/lib/libjava.so
Event: 0.291 Loaded shared library /usr/lib/jvm/jdk-21-oracle-x64/lib/libzip.so
Event: 0.294 Loaded shared library /usr/lib/jvm/jdk-21-oracle-x64/lib/libinstrument.so
Event: 0.297 Loaded shared library /usr/lib/jvm/jdk-21-oracle-x64/lib/libnio.so
Event: 0.300 Loaded shared library /usr/lib/jvm/jdk-21-oracle-x64/lib/libzip.so
Event: 0.439 Loaded shared library /usr/lib/jvm/jdk-21-oracle-x64/lib/libjimage.so
Event: 0.494 Loaded shared library /usr/lib/jvm/jdk-21-oracle-x64/lib/libmanagement.so
Event: 0.505 Loaded shared library /usr/lib/jvm/jdk-21-oracle-x64/lib/libmanagement_ext.so
Event: 0.558 Loaded shared library /usr/lib/jvm/jdk-21-oracle-x64/lib/libnet.so
Event: 0.750 Loaded shared library /usr/lib/jvm/jdk-21-oracle-x64/lib/libextnet.so
Event: 0.777 Loaded shared library /usr/lib/jvm/jdk-21-oracle-x64/lib/libverify.so

Deoptimization events (20 events):
Event: 4002.649 Thread 0x000055e58d5d0fc0 DEOPT PACKING pc=0x00007f9b354b7584 sp=0x00007f9ad60fdd60
Event: 4002.649 Thread 0x000055e58d5d0fc0 DEOPT UNPACKING pc=0x00007f9b34a5472f sp=0x00007f9ad60fd298 mode 1
Event: 4002.649 Thread 0x000055e58d5d0fc0 DEOPT PACKING pc=0x00007f9b350f63a4 sp=0x00007f9ad60fde50
Event: 4002.649 Thread 0x000055e58d5d0fc0 DEOPT UNPACKING pc=0x00007f9b34a5472f sp=0x00007f9ad60fd3a0 mode 1
Event: 4002.649 Thread 0x000055e58d5d0fc0 DEOPT PACKING pc=0x00007f9b35037a14 sp=0x00007f9ad60fdf60
Event: 4002.649 Thread 0x000055e58d5d0fc0 DEOPT UNPACKING pc=0x00007f9b34a5472f sp=0x00007f9ad60fd428 mode 1
Event: 4002.649 Thread 0x000055e58d5d0fc0 DEOPT PACKING pc=0x00007f9b35145edc sp=0x00007f9ad60fdfc0
Event: 4002.649 Thread 0x000055e58d5d0fc0 DEOPT UNPACKING pc=0x00007f9b34a5472f sp=0x00007f9ad60fd4b8 mode 1
Event: 4010.177 Thread 0x000055e58d5d0fc0 DEOPT PACKING pc=0x00007f9b34b9d9ac sp=0x00007f9ad54fdcb0
Event: 4010.177 Thread 0x000055e58d5d0fc0 DEOPT UNPACKING pc=0x00007f9b34a5472f sp=0x00007f9ad54fd128 mode 1
Event: 4010.177 Thread 0x000055e58d5d0fc0 DEOPT PACKING pc=0x00007f9b354b7584 sp=0x00007f9ad54fdd60
Event: 4010.177 Thread 0x000055e58d5d0fc0 DEOPT UNPACKING pc=0x00007f9b34a5472f sp=0x00007f9ad54fd298 mode 1
Event: 4010.177 Thread 0x000055e58d5d0fc0 DEOPT PACKING pc=0x00007f9b350f63a4 sp=0x00007f9ad54fde50
Event: 4010.177 Thread 0x000055e58d5d0fc0 DEOPT UNPACKING pc=0x00007f9b34a5472f sp=0x00007f9ad54fd3a0 mode 1
Event: 4010.177 Thread 0x000055e58d5d0fc0 DEOPT PACKING pc=0x00007f9b35037a14 sp=0x00007f9ad54fdf60
Event: 4010.177 Thread 0x000055e58d5d0fc0 DEOPT UNPACKING pc=0x00007f9b34a5472f sp=0x00007f9ad54fd428 mode 1
Event: 4010.177 Thread 0x000055e58d5d0fc0 DEOPT PACKING pc=0x00007f9b35145edc sp=0x00007f9ad54fdfc0
Event: 4010.177 Thread 0x000055e58d5d0fc0 DEOPT UNPACKING pc=0x00007f9b34a5472f sp=0x00007f9ad54fd4b8 mode 1
Event: 5110.389 Thread 0x00007f9ac80512f0 DEOPT PACKING pc=0x00007f9b34db1794 sp=0x00007f9ad62fd100
Event: 5110.389 Thread 0x00007f9ac80512f0 DEOPT UNPACKING pc=0x00007f9b34a5472f sp=0x00007f9ad62fc5d8 mode 0

Classes loaded (20 events):
Event: 275.641 Loading class sun/nio/ch/IOVecWrapper
Event: 275.641 Loading class sun/nio/ch/IOVecWrapper done
Event: 275.641 Loading class sun/nio/ch/AllocatedNativeObject
Event: 275.641 Loading class sun/nio/ch/NativeObject
Event: 275.641 Loading class sun/nio/ch/NativeObject done
Event: 275.641 Loading class sun/nio/ch/AllocatedNativeObject done
Event: 275.641 Loading class sun/nio/ch/IOVecWrapper$Deallocator
Event: 275.641 Loading class sun/nio/ch/IOVecWrapper$Deallocator done
Event: 275.666 Loading class java/util/concurrent/LinkedBlockingQueue$Itr
Event: 275.666 Loading class java/util/concurrent/LinkedBlockingQueue$Itr done
Event: 287.927 Loading class org/w3c/dom/Node
Event: 287.927 Loading class org/w3c/dom/Node done
Event: 287.927 Loading class org/w3c/dom/Document
Event: 287.927 Loading class org/w3c/dom/Document done
Event: 303.486 Loading class java/util/stream/LongStream
Event: 303.486 Loading class java/util/stream/LongStream done
Event: 303.486 Loading class java/util/stream/DoubleStream
Event: 303.486 Loading class java/util/stream/DoubleStream done
Event: 1701.111 Loading class java/time/DurationEditor
Event: 1701.111 Loading class java/time/DurationEditor done

Classes unloaded (20 events):
Event: 4201.196 Thread 0x00007f9b4014c8c0 Unloading class 0x00007f9ad8ac6000 'java/lang/invoke/LambdaForm$MH+0x00007f9ad8ac6000'
Event: 4201.196 Thread 0x00007f9b4014c8c0 Unloading class 0x00007f9ad8a8cc00 'java/lang/invoke/LambdaForm$MH+0x00007f9ad8a8cc00'
Event: 4201.196 Thread 0x00007f9b4014c8c0 Unloading class 0x00007f9ad8a4c000 'java/lang/invoke/LambdaForm$MH+0x00007f9ad8a4c000'
Event: 4201.196 Thread 0x00007f9b4014c8c0 Unloading class 0x00007f9ad87c8800 'java/lang/invoke/LambdaForm$MH+0x00007f9ad87c8800'
Event: 4201.196 Thread 0x00007f9b4014c8c0 Unloading class 0x00007f9ad8499000 'java/lang/invoke/LambdaForm$MH+0x00007f9ad8499000'
Event: 4201.196 Thread 0x00007f9b4014c8c0 Unloading class 0x00007f9ad8ac7400 'java/lang/invoke/LambdaForm$MH+0x00007f9ad8ac7400'
Event: 4201.196 Thread 0x00007f9b4014c8c0 Unloading class 0x00007f9ad8ac8400 'java/lang/invoke/LambdaForm$MH+0x00007f9ad8ac8400'
Event: 4201.196 Thread 0x00007f9b4014c8c0 Unloading class 0x00007f9ad8acdc00 'java/lang/invoke/LambdaForm$MH+0x00007f9ad8acdc00'
Event: 4201.196 Thread 0x00007f9b4014c8c0 Unloading class 0x00007f9ad8acf400 'java/lang/invoke/LambdaForm$BMH+0x00007f9ad8acf400'
Event: 4201.196 Thread 0x00007f9b4014c8c0 Unloading class 0x00007f9ad840d800 'java/lang/invoke/LambdaForm$MH+0x00007f9ad840d800'
Event: 4201.196 Thread 0x00007f9b4014c8c0 Unloading class 0x00007f9ad8438c00 'java/lang/invoke/LambdaForm$MH+0x00007f9ad8438c00'
Event: 4201.196 Thread 0x00007f9b4014c8c0 Unloading class 0x00007f9ad84b9800 'java/lang/invoke/LambdaForm$MH+0x00007f9ad84b9800'
Event: 4201.196 Thread 0x00007f9b4014c8c0 Unloading class 0x00007f9ad8ad2400 'java/lang/invoke/LambdaForm$DMH+0x00007f9ad8ad2400'
Event: 4201.196 Thread 0x00007f9b4014c8c0 Unloading class 0x00007f9ad8ad9400 'java/lang/invoke/LambdaForm$MH+0x00007f9ad8ad9400'
Event: 4201.196 Thread 0x00007f9b4014c8c0 Unloading class 0x00007f9ad8ada000 'java/lang/invoke/LambdaForm$MH+0x00007f9ad8ada000'
Event: 4201.196 Thread 0x00007f9b4014c8c0 Unloading class 0x00007f9ad8ada800 'java/lang/invoke/LambdaForm$MH+0x00007f9ad8ada800'
Event: 4201.196 Thread 0x00007f9b4014c8c0 Unloading class 0x00007f9ad8adb800 'java/lang/invoke/LambdaForm$MH+0x00007f9ad8adb800'
Event: 4201.196 Thread 0x00007f9b4014c8c0 Unloading class 0x00007f9ad8a4c800 'java/lang/invoke/LambdaForm$MH+0x00007f9ad8a4c800'
Event: 4201.196 Thread 0x00007f9b4014c8c0 Unloading class 0x00007f9ad8ad1800 'java/lang/invoke/LambdaForm$MH+0x00007f9ad8ad1800'
Event: 4201.196 Thread 0x00007f9b4014c8c0 Unloading class 0x00007f9ad8adfc00 'java/lang/invoke/LambdaForm$MH+0x00007f9ad8adfc00'

Classes redefined (0 events):
No events

Internal exceptions (20 events):
Event: 2196.399 Thread 0x00007f9a7408af00 Exception <a 'java/io/IOException'{0x000000070c580050}> (0x000000070c580050) 
thrown [open/src/hotspot/share/prims/jni.cpp, line 520]
Event: 2196.401 Thread 0x00007f9a7408af00 Exception <a 'java/io/IOException'{0x000000070c582fe8}> (0x000000070c582fe8) 
thrown [open/src/hotspot/share/prims/jni.cpp, line 520]
Event: 2196.406 Thread 0x00007f9a7407fe20 Exception <a 'java/lang/InterruptedException'{0x000000070c593b08}: sleep interrupted> (0x000000070c593b08) 
thrown [open/src/hotspot/share/prims/jvm.cpp, line 3074]
Event: 2196.433 Thread 0x00007f9ac8063690 Exception <a 'java/lang/NoClassDefFoundError'{0x000000070c370410}: liquibase/exception/ChangeLogParseException> (0x000000070c370410) 
thrown [open/src/hotspot/share/classfile/systemDictionary.cpp, line 301]
Event: 2214.907 Thread 0x00007f9ac80512f0 Exception <a 'sun/nio/fs/UnixException'{0x000000070be03d00}> (0x000000070be03d00) 
thrown [open/src/hotspot/share/prims/jni.cpp, line 520]
Event: 2215.297 Thread 0x00007f9ac80512f0 Exception <a 'java/lang/NoClassDefFoundError'{0x000000070a9ef440}: org/flywaydb/core/Flyway> (0x000000070a9ef440) 
thrown [open/src/hotspot/share/oops/constantPool.cpp, line 871]
Event: 2215.298 Thread 0x00007f9ac80512f0 Exception <a 'java/lang/NoClassDefFoundError'{0x000000070a9efaa0}: liquibase/integration/spring/SpringLiquibase> (0x000000070a9efaa0) 
thrown [open/src/hotspot/share/oops/constantPool.cpp, line 871]
Event: 2215.305 Thread 0x00007f9ac80512f0 Exception <a 'java/lang/NoClassDefFoundError'{0x000000070a659c40}: org/jooq/DSLContext> (0x000000070a659c40) 
thrown [open/src/hotspot/share/oops/constantPool.cpp, line 871]
Event: 2215.307 Thread 0x00007f9ac80512f0 Exception <a 'java/lang/NoClassDefFoundError'{0x000000070a667608}: org/springframework/batch/core/repository/JobRepository> (0x000000070a667608) 
thrown [open/src/hotspot/share/oops/constantPool.cpp, line 871]
Event: 2215.308 Thread 0x00007f9ac80512f0 Exception <a 'java/lang/NoClassDefFoundError'{0x000000070a667c60}: org/quartz/Scheduler> (0x000000070a667c60) 
thrown [open/src/hotspot/share/oops/constantPool.cpp, line 871]
Event: 2215.309 Thread 0x00007f9ac80512f0 Exception <a 'java/lang/NoClassDefFoundError'{0x000000070a6682e0}: org/springframework/session/jdbc/JdbcIndexedSessionRepository> (0x000000070a6682e0) 
thrown [open/src/hotspot/share/oops/constantPool.cpp, line 871]
Event: 2215.385 Thread 0x00007f9ac80512f0 Exception <a 'java/io/FileNotFoundException'{0x000000070c73ab70}> (0x000000070c73ab70) 
thrown [open/src/hotspot/share/prims/jni.cpp, line 520]
Event: 2215.403 Thread 0x00007f9ac80512f0 Exception <a 'java/io/FileNotFoundException'{0x000000070c5109c0}> (0x000000070c5109c0) 
thrown [open/src/hotspot/share/prims/jni.cpp, line 520]
Event: 2401.130 Thread 0x00007f9a88001b90 Exception <a 'java/lang/NoSuchMethodError'{0x000000070b01d808}: static [B.<clinit>()V> (0x000000070b01d808) 
thrown [open/src/hotspot/share/prims/jni.cpp, line 1106]
Event: 3983.217 Thread 0x000055e58d5d0fc0 Exception <a 'java/io/IOException'{0x000000070af5bc78}> (0x000000070af5bc78) 
thrown [open/src/hotspot/share/prims/jni.cpp, line 520]
Event: 3993.666 Thread 0x000055e58d5d0fc0 Exception <a 'java/io/IOException'{0x000000070ac24618}> (0x000000070ac24618) 
thrown [open/src/hotspot/share/prims/jni.cpp, line 520]
Event: 3994.464 Thread 0x000055e58d5d0fc0 Exception <a 'java/io/IOException'{0x000000070ac26420}> (0x000000070ac26420) 
thrown [open/src/hotspot/share/prims/jni.cpp, line 520]
Event: 4000.351 Thread 0x000055e58d5d0fc0 Exception <a 'java/io/IOException'{0x000000070ad12b08}> (0x000000070ad12b08) 
thrown [open/src/hotspot/share/prims/jni.cpp, line 520]
Event: 4002.648 Thread 0x000055e58d5d0fc0 Exception <a 'java/io/IOException'{0x000000070ad15b80}> (0x000000070ad15b80) 
thrown [open/src/hotspot/share/prims/jni.cpp, line 520]
Event: 4010.177 Thread 0x000055e58d5d0fc0 Exception <a 'java/io/IOException'{0x000000070aadbd38}> (0x000000070aadbd38) 
thrown [open/src/hotspot/share/prims/jni.cpp, line 520]

ZGC Phase Switch (0 events):
No events

VM Operations (20 events):
Event: 4201.139 Executing VM operation: G1CollectForAllocation (G1 Evacuation Pause) done
Event: 4201.195 Executing VM operation: G1PauseRemark
Event: 4201.204 Executing VM operation: G1PauseRemark done
Event: 4201.234 Executing VM operation: G1PauseCleanup
Event: 4201.234 Executing VM operation: G1PauseCleanup done
Event: 5110.389 Executing VM operation: ChangeSingleStep
Event: 5110.389 Executing VM operation: ChangeSingleStep done
Event: 5110.389 Executing VM operation: ChangeSingleStep
Event: 5110.389 Executing VM operation: ChangeSingleStep done
Event: 5213.046 Executing VM operation: GetObjectMonitorUsage
Event: 5213.046 Executing VM operation: GetObjectMonitorUsage done
Event: 5213.046 Executing VM operation: GetObjectMonitorUsage
Event: 5213.046 Executing VM operation: GetObjectMonitorUsage done
Event: 5220.653 Executing VM operation: GetObjectMonitorUsage
Event: 5220.653 Executing VM operation: GetObjectMonitorUsage done
Event: 5220.653 Executing VM operation: GetObjectMonitorUsage
Event: 5220.653 Executing VM operation: GetObjectMonitorUsage done
Event: 5281.658 Executing VM operation: Cleanup
Event: 5281.658 Executing VM operation: Cleanup done
Event: 5746.057 Executing VM operation: G1CollectForAllocation (G1 Evacuation Pause)

Events (20 events):
Event: 3993.666 Thread 0x000055e58d5d8670 Thread added: 0x000055e58d5d8670
Event: 3993.666 Protecting memory [0x00007f9ad6000000,0x00007f9ad6004000] with protection modes 0
Event: 3999.465 Thread 0x000055e58d5d0fc0 Thread exited: 0x000055e58d5d0fc0
Event: 3999.493 Thread 0x000055e58d5d8670 Thread exited: 0x000055e58d5d8670
Event: 4000.350 Thread 0x000055e58d5d0fc0 Thread added: 0x000055e58d5d0fc0
Event: 4000.350 Protecting memory [0x00007f9ad6000000,0x00007f9ad6004000] with protection modes 0
Event: 4000.350 Thread 0x000055e58d5d8670 Thread added: 0x000055e58d5d8670
Event: 4000.350 Protecting memory [0x00007f9ad5400000,0x00007f9ad5404000] with protection modes 0
Event: 4008.789 Thread 0x000055e58d5d0fc0 Thread exited: 0x000055e58d5d0fc0
Event: 4008.814 Thread 0x000055e58d5d8670 Thread exited: 0x000055e58d5d8670
Event: 4010.176 Thread 0x000055e58d5d0fc0 Thread added: 0x000055e58d5d0fc0
Event: 4010.176 Protecting memory [0x00007f9ad5400000,0x00007f9ad5404000] with protection modes 0
Event: 4010.176 Thread 0x000055e58d5d8670 Thread added: 0x000055e58d5d8670
Event: 4010.177 Protecting memory [0x00007f9ad6000000,0x00007f9ad6004000] with protection modes 0
Event: 4015.178 Thread 0x000055e58d5d0fc0 Thread exited: 0x000055e58d5d0fc0
Event: 4015.201 Thread 0x000055e58d5d8670 Thread exited: 0x000055e58d5d8670
Event: 5746.057 Thread 0x000055e58d5d0fc0 Thread added: 0x000055e58d5d0fc0
Event: 5746.057 Protecting memory [0x00007f9ad6000000,0x00007f9ad6004000] with protection modes 0
Event: 5746.057 Thread 0x000055e58d5d8670 Thread added: 0x000055e58d5d8670
Event: 5746.057 Protecting memory [0x00007f9ad5400000,0x00007f9ad5404000] with protection modes 0


Dynamic libraries:
707c00000-70cc00000 rw-p 00000000 00:00 0 
70cc00000-800000000 ---p 00000000 00:00 0 
55e58bec5000-55e58bec6000 r-xp 00000000 08:02 8520167                    /usr/lib/jvm/jdk-21-oracle-x64/bin/java
55e58bec7000-55e58bec8000 r--p 00001000 08:02 8520167                    /usr/lib/jvm/jdk-21-oracle-x64/bin/java
55e58bec8000-55e58bec9000 rw-p 00002000 08:02 8520167                    /usr/lib/jvm/jdk-21-oracle-x64/bin/java
55e58d5cc000-55e58d649000 rw-p 00000000 00:00 0                          [heap]
7f9a68000000-7f9a681e0000 rw-p 00000000 00:00 0 
7f9a681e0000-7f9a6c000000 ---p 00000000 00:00 0 
7f9a6c000000-7f9a6c482000 rw-p 00000000 00:00 0 
7f9a6c482000-7f9a70000000 ---p 00000000 00:00 0 
7f9a70000000-7f9a71e43000 rw-p 00000000 00:00 0 
7f9a71e43000-7f9a74000000 ---p 00000000 00:00 0 
7f9a74000000-7f9a7410a000 rw-p 00000000 00:00 0 
7f9a7410a000-7f9a78000000 ---p 00000000 00:00 0 
7f9a78000000-7f9a780f4000 rw-p 00000000 00:00 0 
7f9a780f4000-7f9a7c000000 ---p 00000000 00:00 0 
7f9a7c000000-7f9a7c026000 rw-p 00000000 00:00 0 
7f9a7c026000-7f9a80000000 ---p 00000000 00:00 0 
7f9a80000000-7f9a8002e000 rw-p 00000000 00:00 0 
7f9a8002e000-7f9a84000000 ---p 00000000 00:00 0 
7f9a84000000-7f9a843b6000 rw-p 00000000 00:00 0 
7f9a843b6000-7f9a88000000 ---p 00000000 00:00 0 
7f9a88000000-7f9a8802f000 rw-p 00000000 00:00 0 
7f9a8802f000-7f9a8c000000 ---p 00000000 00:00 0 
7f9a8c000000-7f9a8c060000 rw-p 00000000 00:00 0 
7f9a8c060000-7f9a90000000 ---p 00000000 00:00 0 
7f9a90000000-7f9a9005f000 rw-p 00000000 00:00 0 
7f9a9005f000-7f9a94000000 ---p 00000000 00:00 0 
7f9a94000000-7f9a9402f000 rw-p 00000000 00:00 0 
7f9a9402f000-7f9a98000000 ---p 00000000 00:00 0 
7f9a98000000-7f9a981a0000 rw-p 00000000 00:00 0 
7f9a981a0000-7f9a9c000000 ---p 00000000 00:00 0 
7f9a9c000000-7f9a9c041000 rw-p 00000000 00:00 0 
7f9a9c041000-7f9aa0000000 ---p 00000000 00:00 0 
7f9aa0000000-7f9aa0040000 rw-p 00000000 00:00 0 
7f9aa0040000-7f9aa4000000 ---p 00000000 00:00 0 
7f9aa4000000-7f9aa43d9000 rw-p 00000000 00:00 0 
7f9aa43d9000-7f9aa8000000 ---p 00000000 00:00 0 
7f9aa8000000-7f9aa8417000 rw-p 00000000 00:00 0 
7f9aa8417000-7f9aac000000 ---p 00000000 00:00 0 
7f9aac000000-7f9aac4ab000 rw-p 00000000 00:00 0 
7f9aac4ab000-7f9ab0000000 ---p 00000000 00:00 0 
7f9ab0000000-7f9ab00d7000 rw-p 00000000 00:00 0 
7f9ab00d7000-7f9ab4000000 ---p 00000000 00:00 0 
7f9ab4000000-7f9ab40d3000 rw-p 00000000 00:00 0 
7f9ab40d3000-7f9ab8000000 ---p 00000000 00:00 0 
7f9ab8000000-7f9ab80e5000 rw-p 00000000 00:00 0 
7f9ab80e5000-7f9abc000000 ---p 00000000 00:00 0 
7f9abc000000-7f9abc038000 rw-p 00000000 00:00 0 
7f9abc038000-7f9ac0000000 ---p 00000000 00:00 0 
7f9ac0000000-7f9ac00dc000 rw-p 00000000 00:00 0 
7f9ac00dc000-7f9ac4000000 ---p 00000000 00:00 0 
7f9ac4000000-7f9ac4985000 rw-p 00000000 00:00 0 
7f9ac4985000-7f9ac8000000 ---p 00000000 00:00 0 
7f9ac8000000-7f9ac817d000 rw-p 00000000 00:00 0 
7f9ac817d000-7f9acc000000 ---p 00000000 00:00 0 
7f9acc000000-7f9acc3f0000 rw-p 00000000 00:00 0 
7f9acc3f0000-7f9acc430000 rw-p 00000000 00:00 0 
7f9acc430000-7f9acc470000 rw-p 00000000 00:00 0 
7f9acc470000-7f9acc4f0000 rw-p 00000000 00:00 0 
7f9acc4f0000-7f9acc6f0000 rw-p 00000000 00:00 0 
7f9acc6f0000-7f9acc7f0000 rw-p 00000000 00:00 0 
7f9acc7f0000-7f9acc9b0000 rw-p 00000000 00:00 0 
7f9acc9b0000-7f9acc9f0000 rw-p 00000000 00:00 0 
7f9acc9f0000-7f9accaf0000 rw-p 00000000 00:00 0 
7f9accaf0000-7f9accbf0000 rw-p 00000000 00:00 0 
7f9accbf0000-7f9acd8f0000 rw-p 00000000 00:00 0 
7f9acd8f0000-7f9acd9f0000 rw-p 00000000 00:00 0 
7f9acd9f0000-7f9ace4f0000 rw-p 00000000 00:00 0 
7f9ace4f0000-7f9ace6f0000 rw-p 00000000 00:00 0 
7f9ace6f0000-7f9ace8f0000 rw-p 00000000 00:00 0 
7f9ace8f0000-7f9ace9c0000 rw-p 00000000 00:00 0 
7f9ace9c0000-7f9acea00000 ---p 00000000 00:00 0 
7f9acea00000-7f9ad0000000 rw-p 00000000 00:00 0 
7f9ad0000000-7f9ad0133000 rw-p 00000000 00:00 0 
7f9ad0133000-7f9ad4000000 ---p 00000000 00:00 0 
7f9ad4848000-7f9ad4b00000 rw-p 00000000 00:00 0 
7f9ad4b00000-7f9ad4b04000 ---p 00000000 00:00 0 
7f9ad4b04000-7f9ad4c00000 rw-p 00000000 00:00 0 
7f9ad4c00000-7f9ad4c04000 ---p 00000000 00:00 0 
7f9ad4c04000-7f9ad4d00000 rw-p 00000000 00:00 0 
7f9ad4d00000-7f9ad4d04000 ---p 00000000 00:00 0 
7f9ad4d04000-7f9ad4e00000 rw-p 00000000 00:00 0 
7f9ad4e00000-7f9ad4e04000 ---p 00000000 00:00 0 
7f9ad4e04000-7f9ad4f00000 rw-p 00000000 00:00 0 
7f9ad4f00000-7f9ad4f04000 ---p 00000000 00:00 0 
7f9ad4f04000-7f9ad5000000 rw-p 00000000 00:00 0 
7f9ad5000000-7f9ad5004000 ---p 00000000 00:00 0 
7f9ad5004000-7f9ad5100000 rw-p 00000000 00:00 0 
7f9ad5100000-7f9ad5104000 ---p 00000000 00:00 0 
7f9ad5104000-7f9ad5200000 rw-p 00000000 00:00 0 
7f9ad5200000-7f9ad5204000 ---p 00000000 00:00 0 
7f9ad5204000-7f9ad5300000 rw-p 00000000 00:00 0 
7f9ad5300000-7f9ad5304000 ---p 00000000 00:00 0 
7f9ad5304000-7f9ad5400000 rw-p 00000000 00:00 0 
7f9ad5400000-7f9ad5404000 ---p 00000000 00:00 0 
7f9ad5404000-7f9ad5500000 rw-p 00000000 00:00 0 
7f9ad5500000-7f9ad5504000 ---p 00000000 00:00 0 
7f9ad5504000-7f9ad5600000 rw-p 00000000 00:00 0 
7f9ad5600000-7f9ad5604000 ---p 00000000 00:00 0 
7f9ad5604000-7f9ad5700000 rw-p 00000000 00:00 0 
7f9ad5700000-7f9ad5704000 ---p 00000000 00:00 0 
7f9ad5704000-7f9ad5800000 rw-p 00000000 00:00 0 
7f9ad5800000-7f9ad5804000 ---p 00000000 00:00 0 
7f9ad5804000-7f9ad5900000 rw-p 00000000 00:00 0 
7f9ad5900000-7f9ad5904000 ---p 00000000 00:00 0 
7f9ad5904000-7f9ad5a00000 rw-p 00000000 00:00 0 
7f9ad5a00000-7f9ad5a04000 ---p 00000000 00:00 0 
7f9ad5a04000-7f9ad5b00000 rw-p 00000000 00:00 0 
7f9ad5b00000-7f9ad5b04000 ---p 00000000 00:00 0 
7f9ad5b04000-7f9ad5c00000 rw-p 00000000 00:00 0 
7f9ad5c00000-7f9ad5c04000 ---p 00000000 00:00 0 
7f9ad5c04000-7f9ad5d00000 rw-p 00000000 00:00 0 
7f9ad5d00000-7f9ad5d04000 ---p 00000000 00:00 0 
7f9ad5d04000-7f9ad5e00000 rw-p 00000000 00:00 0 
7f9ad5e00000-7f9ad5e04000 ---p 00000000 00:00 0 
7f9ad5e04000-7f9ad5f00000 rw-p 00000000 00:00 0 
7f9ad5f00000-7f9ad5f04000 ---p 00000000 00:00 0 
7f9ad5f04000-7f9ad6000000 rw-p 00000000 00:00 0 
7f9ad6000000-7f9ad6004000 ---p 00000000 00:00 0 
7f9ad6004000-7f9ad6100000 rw-p 00000000 00:00 0 
7f9ad6100000-7f9ad6104000 ---p 00000000 00:00 0 
7f9ad6104000-7f9ad6200000 rw-p 00000000 00:00 0 
7f9ad6200000-7f9ad6204000 ---p 00000000 00:00 0 
7f9ad6204000-7f9ad6300000 rw-p 00000000 00:00 0 
7f9ad6300000-7f9ad6304000 ---p 00000000 00:00 0 
7f9ad6304000-7f9ad6400000 rw-p 00000000 00:00 0 
7f9ad6400000-7f9ad6404000 ---p 00000000 00:00 0 
7f9ad6404000-7f9ad6500000 rw-p 00000000 00:00 0 
7f9ad6500000-7f9ad6504000 ---p 00000000 00:00 0 
7f9ad6504000-7f9ad6600000 rw-p 00000000 00:00 0 
7f9ad6600000-7f9ad6604000 ---p 00000000 00:00 0 
7f9ad6604000-7f9ad6700000 rw-p 00000000 00:00 0 
7f9ad6700000-7f9ad6704000 ---p 00000000 00:00 0 
7f9ad6704000-7f9ad6800000 rw-p 00000000 00:00 0 
7f9ad6800000-7f9ad6804000 ---p 00000000 00:00 0 
7f9ad6804000-7f9ad6900000 rw-p 00000000 00:00 0 
7f9ad6900000-7f9ad6904000 ---p 00000000 00:00 0 
7f9ad6904000-7f9ad6a00000 rw-p 00000000 00:00 0 
7f9ad6a00000-7f9ad6a04000 ---p 00000000 00:00 0 
7f9ad6a04000-7f9ad6b00000 rw-p 00000000 00:00 0 
7f9ad6b00000-7f9ad6b04000 ---p 00000000 00:00 0 
7f9ad6b04000-7f9ad6c00000 rw-p 00000000 00:00 0 
7f9ad6c00000-7f9ad6c04000 ---p 00000000 00:00 0 
7f9ad6c04000-7f9ad6d00000 rw-p 00000000 00:00 0 
7f9ad6d00000-7f9ad6d04000 ---p 00000000 00:00 0 
7f9ad6d04000-7f9ad6e00000 rw-p 00000000 00:00 0 
7f9ad6e00000-7f9ad6e04000 ---p 00000000 00:00 0 
7f9ad6e04000-7f9ad6f00000 rw-p 00000000 00:00 0 
7f9ad6f00000-7f9ad6f04000 ---p 00000000 00:00 0 
7f9ad6f04000-7f9ad7000000 rw-p 00000000 00:00 0 
7f9ad7000000-7f9ad7cab000 rw-p 00001000 08:02 8520372                    /usr/lib/jvm/jdk-21-oracle-x64/lib/server/classes.jsa
7f9ad7cab000-7f9ad8000000 ---p 00000000 00:00 0 
7f9ad8000000-7f9ad8010000 rw-p 00000000 00:00 0 
7f9ad8010000-7f9ad8030000 rw-p 00000000 00:00 0 
7f9ad8030000-7f9ad80b0000 rw-p 00000000 00:00 0 
7f9ad80b0000-7f9ad80d0000 rw-p 00000000 00:00 0 
7f9ad80d0000-7f9ad80f0000 rw-p 00000000 00:00 0 
7f9ad80f0000-7f9ad8130000 rw-p 00000000 00:00 0 
7f9ad8130000-7f9ad8170000 rw-p 00000000 00:00 0 
7f9ad8170000-7f9ad8470000 rw-p 00000000 00:00 0 
7f9ad8470000-7f9ad8630000 rw-p 00000000 00:00 0 
7f9ad8630000-7f9ad86e0000 rw-p 00000000 00:00 0 
7f9ad86e0000-7f9ad8700000 ---p 00000000 00:00 0 
7f9ad8700000-7f9ad8b00000 rw-p 00000000 00:00 0 
7f9ad8b00000-7f9b18000000 ---p 00000000 00:00 0 
7f9b18000000-7f9b1806c000 rw-p 00000000 00:00 0 
7f9b1806c000-7f9b1c000000 ---p 00000000 00:00 0 
7f9b1c000000-7f9b1c036000 rw-p 00000000 00:00 0 
7f9b1c036000-7f9b20000000 ---p 00000000 00:00 0 
7f9b20000000-7f9b20031000 rw-p 00000000 00:00 0 
7f9b20031000-7f9b24000000 ---p 00000000 00:00 0 
7f9b24000000-7f9b24052000 rw-p 00000000 00:00 0 
7f9b24052000-7f9b28000000 ---p 00000000 00:00 0 
7f9b28000000-7f9b28067000 rw-p 00000000 00:00 0 
7f9b28067000-7f9b2c000000 ---p 00000000 00:00 0 
7f9b2c0fd000-7f9b2c101000 ---p 00000000 00:00 0 
7f9b2c101000-7f9b2c1fd000 rw-p 00000000 00:00 0 
7f9b2c1fd000-7f9b2c201000 ---p 00000000 00:00 0 
7f9b2c201000-7f9b2c2fd000 rw-p 00000000 00:00 0 
7f9b2c2fd000-7f9b2c2fe000 ---p 00000000 00:00 0 
7f9b2c2fe000-7f9b2c3fe000 rw-p 00000000 00:00 0 
7f9b2c3fe000-7f9b2c3ff000 ---p 00000000 00:00 0 
7f9b2c3ff000-7f9b2c4ff000 rw-p 00000000 00:00 0 
7f9b2c4ff000-7f9b2c500000 ---p 00000000 00:00 0 
7f9b2c500000-7f9b2c600000 rw-p 00000000 00:00 0 
7f9b2c600000-7f9b2c604000 ---p 00000000 00:00 0 
7f9b2c604000-7f9b2c700000 rw-p 00000000 00:00 0 
7f9b2c700000-7f9b2c704000 ---p 00000000 00:00 0 
7f9b2c704000-7f9b2c800000 rw-p 00000000 00:00 0 
7f9b2c800000-7f9b2c804000 ---p 00000000 00:00 0 
7f9b2c804000-7f9b2c900000 rw-p 00000000 00:00 0 
7f9b2c900000-7f9b2c904000 ---p 00000000 00:00 0 
7f9b2c904000-7f9b2ca00000 rw-p 00000000 00:00 0 
7f9b2ca00000-7f9b2ca04000 ---p 00000000 00:00 0 
7f9b2ca04000-7f9b2cb00000 rw-p 00000000 00:00 0 
7f9b2cb00000-7f9b2cb04000 ---p 00000000 00:00 0 
7f9b2cb04000-7f9b2cc00000 rw-p 00000000 00:00 0 
7f9b2cc00000-7f9b2cc04000 ---p 00000000 00:00 0 
7f9b2cc04000-7f9b2cd00000 rw-p 00000000 00:00 0 
7f9b2cd00000-7f9b2cd04000 ---p 00000000 00:00 0 
7f9b2cd04000-7f9b2ce00000 rw-p 00000000 00:00 0 
7f9b2ce00000-7f9b2ce04000 ---p 00000000 00:00 0 
7f9b2ce04000-7f9b2cf00000 rw-p 00000000 00:00 0 
7f9b2cf00000-7f9b2cf04000 ---p 00000000 00:00 0 
7f9b2cf04000-7f9b2d000000 rw-p 00000000 00:00 0 
7f9b2d000000-7f9b2d004000 ---p 00000000 00:00 0 
7f9b2d004000-7f9b2d100000 rw-p 00000000 00:00 0 
7f9b2d100000-7f9b2d104000 ---p 00000000 00:00 0 
7f9b2d104000-7f9b2d200000 rw-p 00000000 00:00 0 
7f9b2d200000-7f9b2d773000 r--p 00000000 08:02 8259573                    /usr/lib/locale/locale-archive
7f9b2d7c1000-7f9b2d858000 rw-p 00000000 00:00 0 
7f9b2d858000-7f9b2d865000 r-xp 00000000 08:02 8520363                    /usr/lib/jvm/jdk-21-oracle-x64/lib/libverify.so
7f9b2d865000-7f9b2d867000 r--p 0000c000 08:02 8520363                    /usr/lib/jvm/jdk-21-oracle-x64/lib/libverify.so
7f9b2d867000-7f9b2d868000 rw-p 0000e000 08:02 8520363                    /usr/lib/jvm/jdk-21-oracle-x64/lib/libverify.so
7f9b2d868000-7f9b2d869000 ---p 00000000 00:00 0 
7f9b2d869000-7f9b2d969000 rw-p 00000000 00:00 0 
7f9b2d969000-7f9b2d96a000 ---p 00000000 00:00 0 
7f9b2d96a000-7f9b2da6a000 rw-p 00000000 00:00 0 
7f9b2da6a000-7f9b2da6b000 ---p 00000000 00:00 0 
7f9b2da6b000-7f9b2db6b000 rw-p 00000000 00:00 0 
7f9b2db6b000-7f9b2db6c000 ---p 00000000 00:00 0 
7f9b2db6c000-7f9b2fdac000 rw-p 00000000 00:00 0 
7f9b2fdac000-7f9b33a7c000 ---p 00000000 00:00 0 
7f9b33a7c000-7f9b33aa4000 rw-p 00000000 00:00 0 
7f9b33aa4000-7f9b3423e000 ---p 00000000 00:00 0 
7f9b3423e000-7f9b34266000 rw-p 00000000 00:00 0 
7f9b34266000-7f9b34a00000 ---p 00000000 00:00 0 
7f9b34a00000-7f9b35a50000 rwxp 00000000 00:00 0 
7f9b35a50000-7f9b37a00000 ---p 00000000 00:00 0 
7f9b37a00000-7f9b3fecc000 r--s 00000000 08:02 8520365                    /usr/lib/jvm/jdk-21-oracle-x64/lib/modules
7f9b3fed7000-7f9b3fed9000 r-xp 00000000 08:02 8520333                    /usr/lib/jvm/jdk-21-oracle-x64/lib/libextnet.so
7f9b3fed9000-7f9b3feda000 r--p 00001000 08:02 8520333                    /usr/lib/jvm/jdk-21-oracle-x64/lib/libextnet.so
7f9b3feda000-7f9b3fedb000 rw-p 00002000 08:02 8520333                    /usr/lib/jvm/jdk-21-oracle-x64/lib/libextnet.so
7f9b3fedb000-7f9b3fee0000 r-xp 00000000 08:02 8520353                    /usr/lib/jvm/jdk-21-oracle-x64/lib/libmanagement_ext.so
7f9b3fee0000-7f9b3fee1000 ---p 00005000 08:02 8520353                    /usr/lib/jvm/jdk-21-oracle-x64/lib/libmanagement_ext.so
7f9b3fee1000-7f9b3fee2000 r--p 00005000 08:02 8520353                    /usr/lib/jvm/jdk-21-oracle-x64/lib/libmanagement_ext.so
7f9b3fee2000-7f9b3fee3000 rw-p 00006000 08:02 8520353                    /usr/lib/jvm/jdk-21-oracle-x64/lib/libmanagement_ext.so
7f9b3fee3000-7f9b3fee7000 r-xp 00000000 08:02 8520351                    /usr/lib/jvm/jdk-21-oracle-x64/lib/libmanagement.so
7f9b3fee7000-7f9b3fee8000 r--p 00003000 08:02 8520351                    /usr/lib/jvm/jdk-21-oracle-x64/lib/libmanagement.so
7f9b3fee8000-7f9b3fee9000 rw-p 00004000 08:02 8520351                    /usr/lib/jvm/jdk-21-oracle-x64/lib/libmanagement.so
7f9b3fee9000-7f9b3fefc000 r-xp 00000000 08:02 8520356                    /usr/lib/jvm/jdk-21-oracle-x64/lib/libnio.so
7f9b3fefc000-7f9b3fefd000 ---p 00013000 08:02 8520356                    /usr/lib/jvm/jdk-21-oracle-x64/lib/libnio.so
7f9b3fefd000-7f9b3fefe000 r--p 00013000 08:02 8520356                    /usr/lib/jvm/jdk-21-oracle-x64/lib/libnio.so
7f9b3fefe000-7f9b3feff000 rw-p 00014000 08:02 8520356                    /usr/lib/jvm/jdk-21-oracle-x64/lib/libnio.so
7f9b3feff000-7f9b40000000 rw-p 00000000 00:00 0 
7f9b40000000-7f9b408c7000 rw-p 00000000 00:00 0 
7f9b408c7000-7f9b44000000 ---p 00000000 00:00 0 
7f9b44002000-7f9b4400e000 r-xp 00000000 08:02 8520355                    /usr/lib/jvm/jdk-21-oracle-x64/lib/libnet.so
7f9b4400e000-7f9b4400f000 r--p 0000b000 08:02 8520355                    /usr/lib/jvm/jdk-21-oracle-x64/lib/libnet.so
7f9b4400f000-7f9b44010000 rw-p 0000c000 08:02 8520355                    /usr/lib/jvm/jdk-21-oracle-x64/lib/libnet.so
7f9b44010000-7f9b44017000 r-xp 00000000 08:02 8520364                    /usr/lib/jvm/jdk-21-oracle-x64/lib/libzip.so
7f9b44017000-7f9b44018000 ---p 00007000 08:02 8520364                    /usr/lib/jvm/jdk-21-oracle-x64/lib/libzip.so
7f9b44018000-7f9b44019000 r--p 00007000 08:02 8520364                    /usr/lib/jvm/jdk-21-oracle-x64/lib/libzip.so
7f9b44019000-7f9b4401a000 rw-p 00008000 08:02 8520364                    /usr/lib/jvm/jdk-21-oracle-x64/lib/libzip.so
7f9b4401a000-7f9b443f9000 rw-p 00000000 00:00 0 
7f9b443f9000-7f9b443fa000 ---p 00000000 00:00 0 
7f9b443fa000-7f9b444fa000 rw-p 00000000 00:00 0 
7f9b444fa000-7f9b444fb000 ---p 00000000 00:00 0 
7f9b444fb000-7f9b445fb000 rw-p 00000000 00:00 0 
7f9b445fb000-7f9b445fc000 ---p 00000000 00:00 0 
7f9b445fc000-7f9b44b00000 rw-p 00000000 00:00 0 
7f9b44b00000-7f9b44b04000 ---p 00000000 00:00 0 
7f9b44b04000-7f9b44c00000 rw-p 00000000 00:00 0 
7f9b44c00000-7f9b45f0d000 r-xp 00000000 08:02 8520375                    /usr/lib/jvm/jdk-21-oracle-x64/lib/server/libjvm.so
7f9b45f0d000-7f9b45f0e000 ---p 0130d000 08:02 8520375                    /usr/lib/jvm/jdk-21-oracle-x64/lib/server/libjvm.so
7f9b45f0e000-7f9b45fdb000 r--p 0130d000 08:02 8520375                    /usr/lib/jvm/jdk-21-oracle-x64/lib/server/libjvm.so
7f9b45fdb000-7f9b46009000 rw-p 013da000 08:02 8520375                    /usr/lib/jvm/jdk-21-oracle-x64/lib/server/libjvm.so
7f9b46009000-7f9b4606e000 rw-p 00000000 00:00 0 
7f9b46071000-7f9b46076000 r-xp 00000000 08:02 8520332                    /usr/lib/jvm/jdk-21-oracle-x64/lib/libdt_socket.so
7f9b46076000-7f9b46077000 r--p 00004000 08:02 8520332                    /usr/lib/jvm/jdk-21-oracle-x64/lib/libdt_socket.so
7f9b46077000-7f9b46078000 rw-p 00005000 08:02 8520332                    /usr/lib/jvm/jdk-21-oracle-x64/lib/libdt_socket.so
7f9b46078000-7f9b460da000 rw-p 00000000 00:00 0 
7f9b460da000-7f9b46119000 ---p 00000000 00:00 0 
7f9b46119000-7f9b46127000 r--p 00000000 08:02 8258054                    /usr/lib/x86_64-linux-gnu/libm.so.6
7f9b46127000-7f9b461a3000 r-xp 0000e000 08:02 8258054                    /usr/lib/x86_64-linux-gnu/libm.so.6
7f9b461a3000-7f9b461fe000 r--p 0008a000 08:02 8258054                    /usr/lib/x86_64-linux-gnu/libm.so.6
7f9b461fe000-7f9b461ff000 r--p 000e4000 08:02 8258054                    /usr/lib/x86_64-linux-gnu/libm.so.6
7f9b461ff000-7f9b46200000 rw-p 000e5000 08:02 8258054                    /usr/lib/x86_64-linux-gnu/libm.so.6
7f9b46200000-7f9b46228000 r--p 00000000 08:02 8257903                    /usr/lib/x86_64-linux-gnu/libc.so.6
7f9b46228000-7f9b463bd000 r-xp 00028000 08:02 8257903                    /usr/lib/x86_64-linux-gnu/libc.so.6
7f9b463bd000-7f9b46415000 r--p 001bd000 08:02 8257903                    /usr/lib/x86_64-linux-gnu/libc.so.6
7f9b46415000-7f9b46416000 ---p 00215000 08:02 8257903                    /usr/lib/x86_64-linux-gnu/libc.so.6
7f9b46416000-7f9b4641a000 r--p 00215000 08:02 8257903                    /usr/lib/x86_64-linux-gnu/libc.so.6
7f9b4641a000-7f9b4641c000 rw-p 00219000 08:02 8257903                    /usr/lib/x86_64-linux-gnu/libc.so.6
7f9b4641c000-7f9b46429000 rw-p 00000000 00:00 0 
7f9b4642a000-7f9b46431000 r--s 00000000 08:02 8918536                    /usr/lib/x86_64-linux-gnu/gconv/gconv-modules.cache
7f9b46431000-7f9b46473000 rw-p 00000000 00:00 0 
7f9b46473000-7f9b4647b000 rw-s 00000000 08:02 2098119                    /tmp/hsperfdata_spx147/22992
7f9b4647b000-7f9b4649b000 r-xp 00000000 08:02 8520340                    /usr/lib/jvm/jdk-21-oracle-x64/lib/libjava.so
7f9b4649b000-7f9b4649c000 ---p 00020000 08:02 8520340                    /usr/lib/jvm/jdk-21-oracle-x64/lib/libjava.so
7f9b4649c000-7f9b4649d000 r--p 00020000 08:02 8520340                    /usr/lib/jvm/jdk-21-oracle-x64/lib/libjava.so
7f9b4649d000-7f9b4649e000 rw-p 00021000 08:02 8520340                    /usr/lib/jvm/jdk-21-oracle-x64/lib/libjava.so
7f9b4649e000-7f9b4649f000 rw-p 00000000 00:00 0 
7f9b4649f000-7f9b464df000 r-xp 00000000 08:02 8520343                    /usr/lib/jvm/jdk-21-oracle-x64/lib/libjdwp.so
7f9b464df000-7f9b464e0000 r--p 0003f000 08:02 8520343                    /usr/lib/jvm/jdk-21-oracle-x64/lib/libjdwp.so
7f9b464e0000-7f9b464e1000 rw-p 00040000 08:02 8520343                    /usr/lib/jvm/jdk-21-oracle-x64/lib/libjdwp.so
7f9b464e1000-7f9b464e2000 rw-p 00000000 00:00 0 
7f9b464e2000-7f9b464fd000 r-xp 00000000 08:02 8520344                    /usr/lib/jvm/jdk-21-oracle-x64/lib/libjimage.so
7f9b464fd000-7f9b464fe000 ---p 0001b000 08:02 8520344                    /usr/lib/jvm/jdk-21-oracle-x64/lib/libjimage.so
7f9b464fe000-7f9b46500000 r--p 0001b000 08:02 8520344                    /usr/lib/jvm/jdk-21-oracle-x64/lib/libjimage.so
7f9b46500000-7f9b46501000 rw-p 0001d000 08:02 8520344                    /usr/lib/jvm/jdk-21-oracle-x64/lib/libjimage.so
7f9b46501000-7f9b46502000 r--p 00000000 08:02 8259676                    /usr/lib/x86_64-linux-gnu/librt.so.1
7f9b46502000-7f9b46503000 r-xp 00001000 08:02 8259676                    /usr/lib/x86_64-linux-gnu/librt.so.1
7f9b46503000-7f9b46504000 r--p 00002000 08:02 8259676                    /usr/lib/x86_64-linux-gnu/librt.so.1
7f9b46504000-7f9b46505000 r--p 00002000 08:02 8259676                    /usr/lib/x86_64-linux-gnu/librt.so.1
7f9b46505000-7f9b46506000 rw-p 00003000 08:02 8259676                    /usr/lib/x86_64-linux-gnu/librt.so.1
7f9b46506000-7f9b4650a000 rw-p 00000000 00:00 0 
7f9b4650a000-7f9b4650b000 r--p 00000000 08:02 8258053                    /usr/lib/x86_64-linux-gnu/libdl.so.2
7f9b4650b000-7f9b4650c000 r-xp 00001000 08:02 8258053                    /usr/lib/x86_64-linux-gnu/libdl.so.2
7f9b4650c000-7f9b4650d000 r--p 00002000 08:02 8258053                    /usr/lib/x86_64-linux-gnu/libdl.so.2
7f9b4650d000-7f9b4650e000 r--p 00002000 08:02 8258053                    /usr/lib/x86_64-linux-gnu/libdl.so.2
7f9b4650e000-7f9b4650f000 rw-p 00003000 08:02 8258053                    /usr/lib/x86_64-linux-gnu/libdl.so.2
7f9b4650f000-7f9b46510000 r--p 00000000 08:02 8259481                    /usr/lib/x86_64-linux-gnu/libpthread.so.0
7f9b46510000-7f9b46511000 r-xp 00001000 08:02 8259481                    /usr/lib/x86_64-linux-gnu/libpthread.so.0
7f9b46511000-7f9b46512000 r--p 00002000 08:02 8259481                    /usr/lib/x86_64-linux-gnu/libpthread.so.0
7f9b46512000-7f9b46513000 r--p 00002000 08:02 8259481                    /usr/lib/x86_64-linux-gnu/libpthread.so.0
7f9b46513000-7f9b46514000 rw-p 00003000 08:02 8259481                    /usr/lib/x86_64-linux-gnu/libpthread.so.0
7f9b46514000-7f9b46522000 r-xp 00000000 08:02 8520345                    /usr/lib/jvm/jdk-21-oracle-x64/lib/libjli.so
7f9b46522000-7f9b46523000 ---p 0000e000 08:02 8520345                    /usr/lib/jvm/jdk-21-oracle-x64/lib/libjli.so
7f9b46523000-7f9b46524000 r--p 0000e000 08:02 8520345                    /usr/lib/jvm/jdk-21-oracle-x64/lib/libjli.so
7f9b46524000-7f9b46525000 rw-p 0000f000 08:02 8520345                    /usr/lib/jvm/jdk-21-oracle-x64/lib/libjli.so
7f9b46525000-7f9b46527000 r--p 00000000 08:02 8257902                    /usr/lib/x86_64-linux-gnu/libz.so.1.2.11
7f9b46527000-7f9b46538000 r-xp 00002000 08:02 8257902                    /usr/lib/x86_64-linux-gnu/libz.so.1.2.11
7f9b46538000-7f9b4653e000 r--p 00013000 08:02 8257902                    /usr/lib/x86_64-linux-gnu/libz.so.1.2.11
7f9b4653e000-7f9b4653f000 ---p 00019000 08:02 8257902                    /usr/lib/x86_64-linux-gnu/libz.so.1.2.11
7f9b4653f000-7f9b46540000 r--p 00019000 08:02 8257902                    /usr/lib/x86_64-linux-gnu/libz.so.1.2.11
7f9b46540000-7f9b46541000 rw-p 0001a000 08:02 8257902                    /usr/lib/x86_64-linux-gnu/libz.so.1.2.11
7f9b46543000-7f9b4654d000 r-xp 00000000 08:02 8520335                    /usr/lib/jvm/jdk-21-oracle-x64/lib/libinstrument.so
7f9b4654d000-7f9b4654e000 ---p 0000a000 08:02 8520335                    /usr/lib/jvm/jdk-21-oracle-x64/lib/libinstrument.so
7f9b4654e000-7f9b4654f000 r--p 0000a000 08:02 8520335                    /usr/lib/jvm/jdk-21-oracle-x64/lib/libinstrument.so
7f9b4654f000-7f9b46550000 rw-p 0000b000 08:02 8520335                    /usr/lib/jvm/jdk-21-oracle-x64/lib/libinstrument.so
7f9b46550000-7f9b46551000 ---p 00000000 00:00 0 
7f9b46551000-7f9b46552000 r--p 00000000 00:00 0 
7f9b46552000-7f9b46554000 rw-p 00000000 00:00 0 
7f9b46554000-7f9b46556000 r--p 00000000 08:02 8257654                    /usr/lib/x86_64-linux-gnu/ld-linux-x86-64.so.2
7f9b46556000-7f9b46580000 r-xp 00002000 08:02 8257654                    /usr/lib/x86_64-linux-gnu/ld-linux-x86-64.so.2
7f9b46580000-7f9b4658b000 r--p 0002c000 08:02 8257654                    /usr/lib/x86_64-linux-gnu/ld-linux-x86-64.so.2
7f9b4658b000-7f9b4658c000 ---p 00000000 00:00 0 
7f9b4658c000-7f9b4658e000 r--p 00037000 08:02 8257654                    /usr/lib/x86_64-linux-gnu/ld-linux-x86-64.so.2
7f9b4658e000-7f9b46590000 rw-p 00039000 08:02 8257654                    /usr/lib/x86_64-linux-gnu/ld-linux-x86-64.so.2
7ffdabe33000-7ffdabe56000 rw-p 00000000 00:00 0                          [stack]
7ffdabe67000-7ffdabe6b000 r--p 00000000 00:00 0                          [vvar]
7ffdabe6b000-7ffdabe6d000 r-xp 00000000 00:00 0                          [vdso]
ffffffffff600000-ffffffffff601000 --xp 00000000 00:00 0                  [vsyscall]
Total number of mappings: 345


VM Arguments:
jvm_args: -XX:+ShowCodeDetailsInExceptionMessages -agentlib:jdwp=transport=dt_socket,suspend=y,address=localhost:44935 -Dcom.sun.management.jmxremote -Dcom.sun.management.jmxremote.port=44861 -Dcom.sun.management.jmxremote.authenticate=false -Dcom.sun.management.jmxremote.ssl=false -Djava.rmi.server.hostname=localhost -Dspring.jmx.enabled=true -Dmanagement.endpoints.jmx.exposure.include=* -Dspring.application.admin.enabled=true -Djava.security.egd=file:/dev/./urandom -XX:TieredStopAtLevel=1 -Dspring.boot.project.name=register.chatapp -javaagent:/home/spx147/Downloads/spring-tool-suite-4-4.21.0.RELEASE-e4.30.0-linux.gtk.x86_64/sts-4.21.0.RELEASE/configuration/org.eclipse.osgi/252/0/.cp/lib/javaagent-shaded.jar -Dfile.encoding=UTF-8 -Dstdout.encoding=UTF-8 -Dstderr.encoding=UTF-8 
java_command: com.register.register.chatapp.Application --spring.output.ansi.enabled=always
java_class_path (initial): /home/spx147/Downloads/register.chatapp/target/classes:/home/spx147/.m2/repository/org/springframework/boot/spring-boot-starter-data-jpa/3.2.2/spring-boot-starter-data-jpa-3.2.2.jar:/home/spx147/.m2/repository/org/springframework/boot/spring-boot-starter-aop/3.2.2/spring-boot-starter-aop-3.2.2.jar:/home/spx147/.m2/repository/org/springframework/spring-aop/6.1.3/spring-aop-6.1.3.jar:/home/spx147/.m2/repository/org/aspectj/aspectjweaver/1.9.21/aspectjweaver-1.9.21.jar:/home/spx147/.m2/repository/org/springframework/boot/spring-boot-starter-jdbc/3.2.2/spring-boot-starter-jdbc-3.2.2.jar:/home/spx147/.m2/repository/com/zaxxer/HikariCP/5.0.1/HikariCP-5.0.1.jar:/home/spx147/.m2/repository/org/springframework/spring-jdbc/6.1.3/spring-jdbc-6.1.3.jar:/home/spx147/.m2/repository/org/hibernate/orm/hibernate-core/6.4.1.Final/hibernate-core-6.4.1.Final.jar:/home/spx147/.m2/repository/jakarta/persistence/jakarta.persistence-api/3.1.0/jakarta.persistence-api-3.1.0.jar:/home/spx147/.m2/repository/jakarta/transaction/jakarta.transaction-api/2.0.1/jakarta.transaction-api-2.0.1.jar:/home/spx147/.m2/repository/org/jboss/logging/jboss-logging/3.5.3.Final/jboss-logging-3.5.3.Final.jar:/home/spx147/.m2/repository/org/hibernate/common/hibernate-commons-annotations/6.0.6.Final/hibernate-commons-annotations-6.0.6.Final.jar:/home/spx147/.m2/repository/io/smallrye/jandex/3.1.2/jandex-3.1.2.jar:/home/spx147/.m2/repository/com/fasterxml/classmate/1.6.0/classmate-1.6.0.jar:/home/spx147/.m2/repository/net/bytebuddy/byte-buddy/1.14.11/byte-buddy-1.14.11.jar:/home/spx147/.m2/repository/org/glassfish/jaxb/jaxb-runtime/4.0.4/jaxb-runtime-4.0.4.jar:/home/spx147/.m2/repository/org/glassfish/jaxb/jaxb-core/4.0.4/jaxb-core-4.0.4.jar:/home/spx147/.m2/repository/org/eclipse/angus/angus-activation/2.0.1/angus-activation-2.0.1.jar:/home/spx147/.m2/repository/org/glassfish/jaxb/txw2/4.0.4/txw2-4.0.4.jar:/home/spx147/.m2/repository/com/sun/istack/istack-commons-runtime/4.1.2/istack-commons-runtime-4.1.2.jar:/home/spx147/.m2/repository/jakarta/inject/jakarta.inject-api/2.0.1/jakarta.inject-api-2.0.1.jar:/home/spx147/.m2/repository/org/antlr/antlr4-runtime/4.13.0/antlr4-runtime-4.13.0.jar:/home/spx147/.m2/repository/org/springframework/data/spring-data-jpa/3.2.2/spring-data-jpa-3.2.2.jar:/home/spx147/.m2/repository/org/springframework/data/spring-data-commons/3.2.2/spring-data-commons-3.2.2.jar:/home/spx147/.m2/repository/org/springframework/spring-orm/6.1.3/spring-orm-6.1.3.jar:/home/spx147/.m2/repository/org/springframework/spring-context/6.1.3/spring-context-6.1.3.jar:/home/spx147/.m2/repository/org/springframework/spring-tx/6.1.3/spring-tx-6.1.3.jar:/home/spx147/.m2/repository/org/springframework/spring-beans/6.1.3/spring-beans-6.1.3.jar:/home/spx147/.m2/repository/jakarta/annotation/jakarta.annotation-api/2.1.1/jakarta.annotation-api-2.1.1.jar:/home/spx147/.m2/repository/org/springframework/spring-aspects/6.1.3/spring-aspects-6.1.3.jar:/home/spx147/.m2/repository/org/springframework/boot/spring-boot-starter-thymeleaf/3.2.2/spring-boot-starter-thymeleaf-3.2.2.jar:/home/spx147/.m2/repository/org/springframework/boot/spring-boot-starter/3.2.2/spring-boot-starter-3.2.2.jar:/home/spx147/.m2/repository/org/springframework/boot/spring-boot-starter-logging/3.2.2/spring-boot-starter-logging-3.2.2.jar:/home/spx147/.m2/repository/ch/qos/logback/logback-classic/1.4.14/logback-classic-1.4.14.jar:/home/spx147/.m2/repository/ch/qos/logback/logback-core/1.4.14/logback-core-1.4.14.jar:/home/spx147/.m2/repository/org/apache/logging/log4j/log4j-to-slf4j/2.21.1/log4j-to-slf4j-2.21.1.jar:/home/spx147/.m2/repository/org/apache/logging/log4j/log4j-api/2.21.1/log4j-api-2.21.1.jar:/home/spx147/.m2/repository/org/slf4j/jul-to-slf4j/2.0.11/jul-to-slf4j-2.0.11.jar:/home/spx147/.m2/repository/org/yaml/snakeyaml/2.2/snakeyaml-2.2.jar:/home/spx147/.m2/repository/org/thymeleaf/thymeleaf-spring6/3.1.2.RELEASE/thymeleaf-spring6-3.1.2.RELEASE.jar:/home/spx147/.m2/repository/org/thymeleaf/thymeleaf/3.1.2.RELEASE/thymeleaf-3.1.2.RELEASE.jar:/home/spx147/.m2/repository/org/attoparser/attoparser/2.0.7.RELEASE/attoparser-2.0.7.RELEASE.jar:/home/spx147/.m2/repository/org/unbescape/unbescape/1.1.6.RELEASE/unbescape-1.1.6.RELEASE.jar:/home/spx147/.m2/repository/org/springframework/boot/spring-boot-starter-web/3.2.2/spring-boot-starter-web-3.2.2.jar:/home/spx147/.m2/repository/org/springframework/boot/spring-boot-starter-json/3.2.2/spring-boot-starter-json-3.2.2.jar:/home/spx147/.m2/repository/com/fasterxml/jackson/core/jackson-databind/2.15.3/jackson-databind-2.15.3.jar:/home/spx147/.m2/repository/com/fasterxml/jackson/core/jackson-annotations/2.15.3/jackson-annotations-2.15.3.jar:/home/spx147/.m2/repository/com/fasterxml/jackson/datatype/jackson-datatype-jdk8/2.15.3/jackson-datatype-jdk8-2.15.3.jar:/home/spx147/.m2/repository/com/fasterxml/jackson/datatype/jackson-datatype-jsr310/2.15.3/jackson-datatype-jsr310-2.15.3.jar:/home/spx147/.m2/repository/com/fasterxml/jackson/module/jackson-module-parameter-names/2.15.3/jackson-module-parameter-names-2.15.3.jar:/home/spx147/.m2/repository/org/springframework/boot/spring-boot-starter-tomcat/3.2.2/spring-boot-starter-tomcat-3.2.2.jar:/home/spx147/.m2/repository/org/apache/tomcat/embed/tomcat-embed-core/10.1.18/tomcat-embed-core-10.1.18.jar:/home/spx147/.m2/repository/org/apache/tomcat/embed/tomcat-embed-websocket/10.1.18/tomcat-embed-websocket-10.1.18.jar:/home/spx147/.m2/repository/org/springframework/spring-web/6.1.3/spring-web-6.1.3.jar:/home/spx147/.m2/repository/io/micrometer/micrometer-observation/1.12.2/micrometer-observation-1.12.2.jar:/home/spx147/.m2/repository/io/micrometer/micrometer-commons/1.12.2/micrometer-commons-1.12.2.jar:/home/spx147/.m2/repository/org/springframework/spring-webmvc/6.1.3/spring-webmvc-6.1.3.jar:/home/spx147/.m2/repository/org/springframework/spring-expression/6.1.3/spring-expression-6.1.3.jar:/home/spx147/.m2/repository/org/springframework/boot/spring-boot-devtools/3.2.2/spring-boot-devtools-3.2.2.jar:/home/spx147/.m2/repository/org/springframework/boot/spring-boot/3.2.2/spring-boot-3.2.2.jar:/home/spx147/.m2/repository/org/springframework/boot/spring-boot-autoconfigure/3.2.2/spring-boot-autoconfigure-3.2.2.jar:/home/spx147/.m2/repository/com/mysql/mysql-connector-j/8.3.0/mysql-connector-j-8.3.0.jar:/home/spx147/.m2/repository/jakarta/xml/bind/jakarta.xml.bind-api/4.0.1/jakarta.xml.bind-api-4.0.1.jar:/home/spx147/.m2/repository/jakarta/activation/jakarta.activation-api/2.1.2/jakarta.activation-api-2.1.2.jar:/home/spx147/.m2/repository/org/springframework/spring-core/6.1.3/spring-core-6.1.3.jar:/home/spx147/.m2/repository/org/springframework/spring-jcl/6.1.3/spring-jcl-6.1.3.jar:/home/spx147/.m2/repository/org/springframework/boot/spring-boot-starter-websocket/3.2.2/spring-boot-starter-websocket-3.2.2.jar:/home/spx147/.m2/repository/org/springframework/spring-messaging/6.1.3/spring-messaging-6.1.3.jar:/home/spx147/.m2/repository/org/springframework/spring-websocket/6.1.3/spring-websocket-6.1.3.jar:/home/spx147/.m2/repository/org/webjars/webjars-locator-core/0.55/webjars-locator-core-0.55.jar:/home/spx147/.m2/repository/org/slf4j/slf4j-api/2.0.11/slf4j-api-2.0.11.jar:/home/spx147/.m2/repository/io/github/classgraph/classgraph/4.8.149/classgraph-4.8.149.jar:/home/spx147/.m2/repository/com/fasterxml/jackson/core/jackson-core/2.15.3/jackson-core-2.15.3.jar:/home/spx147/.m2/repository/org/webjars/sockjs-client/1.5.1/sockjs-client-1.5.1.jar:/home/spx147/.m2/repository/org/webjars/stomp-websocket/2.3.4/stomp-websocket-2.3.4.jar:/home/spx147/.m2/repository/org/webjars/bootstrap/5.3.2/bootstrap-5.3.2.jar:/home/spx147/.m2/repository/org/webjars/jquery/3.7.1/jquery-3.7.1.jar:/home/spx147/.m2/repository/org/springframework/boot/spring-boot-starter-validation/3.2.0/spring-boot-starter-validation-3.2.0.jar:/home/spx147/.m2/repository/org/apache/tomcat/embed/tomcat-embed-el/10.1.18/tomcat-embed-el-10.1.18.jar:/home/spx147/.m2/repository/org/hibernate/validator/hibernate-validator/8.0.1.Final/hibernate-validator-8.0.1.Final.jar:/home/spx147/.m2/repository/jakarta/validation/jakarta.validation-api/3.0.2/jakarta.validation-api-3.0.2.jar
Launcher Type: SUN_STANDARD

[Global flags]
     intx CICompilerCount                          = 3                                         {product} {ergonomic}
     uint ConcGCThreads                            = 1                                         {product} {ergonomic}
     uint G1ConcRefinementThreads                  = 4                                         {product} {ergonomic}
   size_t G1HeapRegionSize                         = 2097152                                   {product} {ergonomic}
    uintx GCDrainStackTargetSize                   = 64                                        {product} {ergonomic}
   size_t InitialHeapSize                          = 262144000                                 {product} {ergonomic}
     bool ManagementServer                         = true                                      {product} {command line}
   size_t MarkStackSize                            = 4194304                                   {product} {ergonomic}
   size_t MaxHeapSize                              = 4164943872                                {product} {ergonomic}
   size_t MaxNewSize                               = 2497708032                                {product} {ergonomic}
   size_t MinHeapDeltaBytes                        = 2097152                                   {product} {ergonomic}
   size_t MinHeapSize                              = 8388608                                   {product} {ergonomic}
    uintx NonNMethodCodeHeapSize                   = 4096                                   {pd product} {ergonomic}
    uintx NonProfiledCodeHeapSize                  = 0                                      {pd product} {ergonomic}
     bool ProfileInterpreter                       = false                                  {pd product} {command line}
    uintx ProfiledCodeHeapSize                     = 0                                      {pd product} {ergonomic}
     bool ShowCodeDetailsInExceptionMessages       = true                                   {manageable} {command line}
   size_t SoftMaxHeapSize                          = 4164943872                             {manageable} {ergonomic}
     intx TieredStopAtLevel                        = 1                                         {product} {command line}
     bool UseCompressedOops                        = true                           {product lp64_product} {ergonomic}
     bool UseG1GC                                  = true                                      {product} {ergonomic}

Logging:
Log output configuration:
 #0: stdout all=warning uptime,level,tags foldmultilines=false
 #1: stderr all=off uptime,level,tags foldmultilines=false

Environment Variables:
PATH=/usr/local/sbin:/usr/local/bin:/usr/sbin:/usr/bin:/sbin:/bin:/usr/games:/usr/local/games:/snap/bin:/snap/bin
USERNAME=spx147
SHELL=/bin/bash
DISPLAY=:0
LANG=en_IN

Active Locale:
LC_ALL=en_IN
LC_COLLATE=en_IN
LC_CTYPE=en_IN
LC_MESSAGES=en_IN
LC_MONETARY=en_IN
LC_NUMERIC=en_IN
LC_TIME=en_IN

Signal Handlers:
   SIGSEGV: crash_handler in libjvm.so, mask=11100100010111111101111111111110, flags=SA_RESTART|SA_SIGINFO, unblocked
    SIGBUS: crash_handler in libjvm.so, mask=11100100010111111101111111111110, flags=SA_RESTART|SA_SIGINFO, unblocked
    SIGFPE: crash_handler in libjvm.so, mask=11100100010111111101111111111110, flags=SA_RESTART|SA_SIGINFO, unblocked
   SIGPIPE: javaSignalHandler in libjvm.so, mask=11100100010111111101111111111110, flags=SA_RESTART|SA_SIGINFO, blocked
   SIGXFSZ: javaSignalHandler in libjvm.so, mask=11100100010111111101111111111110, flags=SA_RESTART|SA_SIGINFO, blocked
    SIGILL: crash_handler in libjvm.so, mask=11100100010111111101111111111110, flags=SA_RESTART|SA_SIGINFO, unblocked
   SIGUSR2: SR_handler in libjvm.so, mask=00100000000000000000000000000000, flags=SA_RESTART|SA_SIGINFO, blocked
    SIGHUP: UserHandler in libjvm.so, mask=11100100010111111101111111111110, flags=SA_RESTART|SA_SIGINFO, blocked
    SIGINT: UserHandler in libjvm.so, mask=11100100010111111101111111111110, flags=SA_RESTART|SA_SIGINFO, blocked
   SIGTERM: UserHandler in libjvm.so, mask=11100100010111111101111111111110, flags=SA_RESTART|SA_SIGINFO, blocked
   SIGQUIT: UserHandler in libjvm.so, mask=11100100010111111101111111111110, flags=SA_RESTART|SA_SIGINFO, blocked
   SIGTRAP: crash_handler in libjvm.so, mask=11100100010111111101111111111110, flags=SA_RESTART|SA_SIGINFO, unblocked


Periodic native trim disabled

---------------  S Y S T E M  ---------------

OS:
DISTRIB_ID=Ubuntu
DISTRIB_RELEASE=22.04
DISTRIB_CODENAME=jammy
DISTRIB_DESCRIPTION="Ubuntu 22.04.4 LTS"
uname: Linux 6.5.0-21-generic #21~22.04.1-Ubuntu SMP PREEMPT_DYNAMIC Fri Feb  9 13:32:52 UTC 2 x86_64
OS uptime: 0 days 9:22 hours
libc: glibc 2.35 NPTL 2.35 
rlimit (soft/hard): STACK 8192k/infinity , CORE 0k/infinity , NPROC 63243/63243 , NOFILE 1048576/1048576 , AS infinity/infinity , CPU infinity/infinity , DATA infinity/infinity , FSIZE infinity/infinity , MEMLOCK 2033352k/2033352k
load average: 0.41 0.24 0.25

/proc/meminfo:
MemTotal:       16266836 kB
MemFree:         1959216 kB
MemAvailable:    7464292 kB
Buffers:          709328 kB
Cached:          5042296 kB
SwapCached:            0 kB
Active:          9299524 kB
Inactive:        3113836 kB
Active(anon):    7299632 kB
Inactive(anon):   128128 kB
Active(file):    1999892 kB
Inactive(file):  2985708 kB
Unevictable:      521016 kB
Mlocked:             216 kB
SwapTotal:       2097148 kB
SwapFree:        2097148 kB
Zswap:                 0 kB
Zswapped:              0 kB
Dirty:               572 kB
Writeback:             0 kB
AnonPages:       7183020 kB
Mapped:          1548548 kB
Shmem:            765828 kB
KReclaimable:     858932 kB
Slab:            1149772 kB
SReclaimable:     858932 kB
SUnreclaim:       290840 kB
KernelStack:       27456 kB
PageTables:        86240 kB
SecPageTables:         0 kB
NFS_Unstable:          0 kB
Bounce:                0 kB
WritebackTmp:          0 kB
CommitLimit:    10230564 kB
Committed_AS:   19778048 kB
VmallocTotal:   34359738367 kB
VmallocUsed:       50744 kB
VmallocChunk:          0 kB
Percpu:             3776 kB
HardwareCorrupted:     0 kB
AnonHugePages:         0 kB
ShmemHugePages:        0 kB
ShmemPmdMapped:        0 kB
FileHugePages:         0 kB
FilePmdMapped:         0 kB
Unaccepted:            0 kB
HugePages_Total:       0
HugePages_Free:        0
HugePages_Rsvd:        0
HugePages_Surp:        0
Hugepagesize:       2048 kB
Hugetlb:               0 kB
DirectMap4k:      152532 kB
DirectMap2M:    16523264 kB

/sys/kernel/mm/transparent_hugepage/enabled: always [madvise] never
/sys/kernel/mm/transparent_hugepage/defrag (defrag/compaction efforts parameter): always defer defer+madvise [madvise] never

Process Memory:
Virtual Size: 7701068K (peak: 7701068K)
Resident Set Size: 293312K (peak: 307008K) (anon: 270116K, file: 23196K, shmem: 0K)
Swapped out: 0K
C-Heap outstanding allocations: 67900K, retained: 30167K
glibc malloc tunables: (default)

/proc/sys/kernel/threads-max (system-wide limit on the number of threads): 126486
/proc/sys/vm/max_map_count (maximum number of memory map areas a process may have): 65530
/proc/sys/kernel/pid_max (system-wide limit on number of process identifiers): 4194304

container (cgroup) information:
container_type: cgroupv2
cpu_cpuset_cpus: not supported
cpu_memory_nodes: not supported
active_processor_count: 4
cpu_quota: not supported
cpu_period: not supported
cpu_shares: not supported
memory_limit_in_bytes: unlimited
memory_and_swap_limit_in_bytes: unlimited
memory_soft_limit_in_bytes: unlimited
memory_usage_in_bytes: 4665940 k
memory_max_usage_in_bytes: not supported
memory_swap_current_in_bytes: unlimited
memory_swap_max_limit_in_bytes: unlimited
maximum number of tasks: 18972
current number of tasks: 523

Steal ticks since vm start: 0
Steal ticks percentage since vm start:  0.000

CPU: total 4 (initial active 4) (2 cores per cpu, 2 threads per core) family 6 model 42 stepping 7 microcode 0x2f, cx8, cmov, fxsr, ht, mmx, sse, sse2, sse3, ssse3, sse4.1, sse4.2, popcnt, tsc, tscinvbit, avx, clmul, vzeroupper, clflush, rdtscp
CPU Model and flags from /proc/cpuinfo:
model name	: Intel(R) Core(TM) i3-2105 CPU @ 3.10GHz
flags		: fpu vme de pse tsc msr pae mce cx8 apic sep mtrr pge mca cmov pat pse36 clflush dts acpi mmx fxsr sse sse2 ht tm pbe syscall nx rdtscp lm constant_tsc arch_perfmon pebs bts rep_good nopl xtopology nonstop_tsc cpuid aperfmperf pni pclmulqdq dtes64 monitor ds_cpl vmx est tm2 ssse3 cx16 xtpr pdcm pcid sse4_1 sse4_2 popcnt tsc_deadline_timer xsave avx lahf_lm epb pti ssbd ibrs ibpb stibp tpr_shadow flexpriority ept vpid xsaveopt dtherm arat pln pts vnmi md_clear flush_l1d

Online cpus: 0-3
Offline cpus: 
BIOS frequency limitation: <Not Available>
Frequency switch latency (ns): 20000
Available cpu frequencies: <Not Available>
Current governor: schedutil
Core performance/turbo boost: <Not Available>

Memory: 4k page, physical 16266836k(7464292k free), swap 2097148k(2097148k free)
Page Sizes: 4k

vm_info: Java HotSpot(TM) 64-Bit Server VM (21.0.1+12-LTS-29) for linux-amd64 JRE (21.0.1+12-LTS-29), built on 2023-10-05T13:27:09Z by "mach5one" with gcc 11.2.0

END.
